---------------------------------------------------------------
[ 2018-01-17T16:36:28+08:00 ] 127.0.0.1 GET /tp5/public/index.php/index/5
[ info ] 127.0.0.1:8080/tp5/public/index.php/index/5 [运行时间：0.087005s][吞吐率：11.49req/s] [内存消耗：2,091.55kb] [文件加载：55]
[ info ] [ LANG ] E:\www\www\tp5\thinkphp\lang\zh-cn.php
[ info ] [ ROUTE ] array (
  'type' => 'module',
  'module' => 
  array (
    0 => 'index',
    1 => 'index',
    2 => 'test',
  ),
  'convert' => false,
)
[ info ] [ HEADER ] array (
  'cookie' => 'bdshare_firstime=1509611409659; Hm_lvt_bb6f443b7002b8526f41857005f1ac2d=1509611410,1509698996; a3950_times=2; __guid=96992031.1548716200639575600.1511936515025.5093; monitor_count=216',
  'accept-language' => 'zh-CN,zh;q=0.8',
  'accept-encoding' => 'gzip, deflate, sdch, br',
  'accept' => 'text/html,application/xhtml+xml,application/xml;q=0.9,image/webp,*/*;q=0.8',
  'user-agent' => 'Mozilla/5.0 (Windows NT 6.1; WOW64) AppleWebKit/537.36 (KHTML, like Gecko) Chrome/55.0.2883.87 Safari/537.36',
  'upgrade-insecure-requests' => '1',
  'cache-control' => 'max-age=0',
  'connection' => 'close',
  'host' => '127.0.0.1:8080',
)
[ info ] [ PARAM ] array (
  'id' => '5',
)
[ info ] [ RUN ] app\index\controller\Index->test[ E:\www\www\tp5\application\index\controller\Index.php ]
[ info ] [ DB ] INIT mysql
[ info ] [ VIEW ] E:\www\www\tp5\public/../application/index\view\index\hello.html [ array (
  0 => 'list',
) ]
[ info ] [ LOG ] INIT File
[ sql ] [ DB ] CONNECT:[ UseTime:0.001000s ] mysql:host=127.0.0.1;dbname=yqpt;charset=utf8
[ sql ] [ SQL ] SHOW COLUMNS FROM `inst` [ RunTime:0.012001s ]
[ sql ] [ SQL ] SELECT * FROM `inst` WHERE  `states` = 1 LIMIT 10 [ RunTime:0.001000s ]
[ error ] [8]Trying to get property of non-object[E:\www\www\tp5\runtime\temp\319d682d7c0611a73464ce1da8dfbbc3.php:9]
---------------------------------------------------------------
[ 2018-01-17T16:37:06+08:00 ] 127.0.0.1 GET /tp5/public/index.php/index/5
[ info ] 127.0.0.1:8080/tp5/public/index.php/index/5 [运行时间：0.093005s][吞吐率：10.75req/s] [内存消耗：1,978.30kb] [文件加载：53]
[ info ] [ LANG ] E:\www\www\tp5\thinkphp\lang\zh-cn.php
[ info ] [ ROUTE ] array (
  'type' => 'module',
  'module' => 
  array (
    0 => 'index',
    1 => 'index',
    2 => 'test',
  ),
  'convert' => false,
)
[ info ] [ HEADER ] array (
  'cookie' => 'bdshare_firstime=1509611409659; Hm_lvt_bb6f443b7002b8526f41857005f1ac2d=1509611410,1509698996; a3950_times=2; __guid=96992031.1548716200639575600.1511936515025.5093; monitor_count=217',
  'accept-language' => 'zh-CN,zh;q=0.8',
  'accept-encoding' => 'gzip, deflate, sdch, br',
  'accept' => 'text/html,application/xhtml+xml,application/xml;q=0.9,image/webp,*/*;q=0.8',
  'user-agent' => 'Mozilla/5.0 (Windows NT 6.1; WOW64) AppleWebKit/537.36 (KHTML, like Gecko) Chrome/55.0.2883.87 Safari/537.36',
  'upgrade-insecure-requests' => '1',
  'cache-control' => 'max-age=0',
  'connection' => 'close',
  'host' => '127.0.0.1:8080',
)
[ info ] [ PARAM ] array (
  'id' => '5',
)
[ info ] [ RUN ] app\index\controller\Index->test[ E:\www\www\tp5\application\index\controller\Index.php ]
[ info ] [ DB ] INIT mysql
[ info ] [ VIEW ] E:\www\www\tp5\public/../application/index\view\index\hello.html [ array (
  0 => 'list',
) ]
[ info ] [ LOG ] INIT File
[ sql ] [ DB ] CONNECT:[ UseTime:0.010000s ] mysql:host=127.0.0.1;dbname=yqpt;charset=utf8
[ sql ] [ SQL ] SHOW COLUMNS FROM `inst` [ RunTime:0.013001s ]
[ sql ] [ SQL ] SELECT * FROM `inst` WHERE  `states` = 1 LIMIT 10 [ RunTime:0.001000s ]
[ error ] [8]Trying to get property of non-object[E:\www\www\tp5\runtime\temp\319d682d7c0611a73464ce1da8dfbbc3.php:9]
---------------------------------------------------------------
[ 2018-01-17T16:38:03+08:00 ] 127.0.0.1 GET /tp5/public/index.php/index/5
[ info ] 127.0.0.1:8080/tp5/public/index.php/index/5 [运行时间：0.099005s][吞吐率：10.10req/s] [内存消耗：1,978.35kb] [文件加载：53]
[ info ] [ LANG ] E:\www\www\tp5\thinkphp\lang\zh-cn.php
[ info ] [ ROUTE ] array (
  'type' => 'module',
  'module' => 
  array (
    0 => 'index',
    1 => 'index',
    2 => 'test',
  ),
  'convert' => false,
)
[ info ] [ HEADER ] array (
  'cookie' => 'bdshare_firstime=1509611409659; Hm_lvt_bb6f443b7002b8526f41857005f1ac2d=1509611410,1509698996; a3950_times=2; __guid=96992031.1548716200639575600.1511936515025.5093; monitor_count=218',
  'accept-language' => 'zh-CN,zh;q=0.8',
  'accept-encoding' => 'gzip, deflate, sdch, br',
  'accept' => 'text/html,application/xhtml+xml,application/xml;q=0.9,image/webp,*/*;q=0.8',
  'user-agent' => 'Mozilla/5.0 (Windows NT 6.1; WOW64) AppleWebKit/537.36 (KHTML, like Gecko) Chrome/55.0.2883.87 Safari/537.36',
  'upgrade-insecure-requests' => '1',
  'cache-control' => 'max-age=0',
  'connection' => 'close',
  'host' => '127.0.0.1:8080',
)
[ info ] [ PARAM ] array (
  'id' => '5',
)
[ info ] [ RUN ] app\index\controller\Index->test[ E:\www\www\tp5\application\index\controller\Index.php ]
[ info ] [ DB ] INIT mysql
[ info ] [ VIEW ] E:\www\www\tp5\public/../application/index\view\index\hello.html [ array (
  0 => 'list',
) ]
[ info ] [ LOG ] INIT File
[ sql ] [ DB ] CONNECT:[ UseTime:0.003000s ] mysql:host=127.0.0.1;dbname=yqpt;charset=utf8
[ sql ] [ SQL ] SHOW COLUMNS FROM `inst` [ RunTime:0.012000s ]
[ sql ] [ SQL ] SELECT * FROM `inst` WHERE  `states` = 1 LIMIT 10 [ RunTime:0.002000s ]
[ error ] [8]Trying to get property of non-object[E:\www\www\tp5\runtime\temp\319d682d7c0611a73464ce1da8dfbbc3.php:9]
---------------------------------------------------------------
[ 2018-01-17T16:38:34+08:00 ] 127.0.0.1 GET /tp5/public/index.php/index/5
[ info ] 127.0.0.1:8080/tp5/public/index.php/index/5 [运行时间：0.094005s][吞吐率：10.64req/s] [内存消耗：1,978.30kb] [文件加载：53]
[ info ] [ LANG ] E:\www\www\tp5\thinkphp\lang\zh-cn.php
[ info ] [ ROUTE ] array (
  'type' => 'module',
  'module' => 
  array (
    0 => 'index',
    1 => 'index',
    2 => 'test',
  ),
  'convert' => false,
)
[ info ] [ HEADER ] array (
  'cookie' => 'bdshare_firstime=1509611409659; Hm_lvt_bb6f443b7002b8526f41857005f1ac2d=1509611410,1509698996; a3950_times=2; __guid=96992031.1548716200639575600.1511936515025.5093; monitor_count=219',
  'accept-language' => 'zh-CN,zh;q=0.8',
  'accept-encoding' => 'gzip, deflate, sdch, br',
  'accept' => 'text/html,application/xhtml+xml,application/xml;q=0.9,image/webp,*/*;q=0.8',
  'user-agent' => 'Mozilla/5.0 (Windows NT 6.1; WOW64) AppleWebKit/537.36 (KHTML, like Gecko) Chrome/55.0.2883.87 Safari/537.36',
  'upgrade-insecure-requests' => '1',
  'cache-control' => 'max-age=0',
  'connection' => 'close',
  'host' => '127.0.0.1:8080',
)
[ info ] [ PARAM ] array (
  'id' => '5',
)
[ info ] [ RUN ] app\index\controller\Index->test[ E:\www\www\tp5\application\index\controller\Index.php ]
[ info ] [ DB ] INIT mysql
[ info ] [ VIEW ] E:\www\www\tp5\public/../application/index\view\index\hello.html [ array (
  0 => 'list',
) ]
[ info ] [ LOG ] INIT File
[ sql ] [ DB ] CONNECT:[ UseTime:0.000000s ] mysql:host=127.0.0.1;dbname=yqpt;charset=utf8
[ sql ] [ SQL ] SHOW COLUMNS FROM `inst` [ RunTime:0.011000s ]
[ sql ] [ SQL ] SELECT * FROM `inst` WHERE  `states` = 1 LIMIT 10 [ RunTime:0.002000s ]
[ error ] [8]Trying to get property of non-object[E:\www\www\tp5\runtime\temp\319d682d7c0611a73464ce1da8dfbbc3.php:9]
---------------------------------------------------------------
[ 2018-01-17T16:39:39+08:00 ] 127.0.0.1 GET /tp5/public/index.php/index/5
[ info ] 127.0.0.1:8080/tp5/public/index.php/index/5 [运行时间：0.091005s][吞吐率：10.99req/s] [内存消耗：1,978.30kb] [文件加载：53]
[ info ] [ LANG ] E:\www\www\tp5\thinkphp\lang\zh-cn.php
[ info ] [ ROUTE ] array (
  'type' => 'module',
  'module' => 
  array (
    0 => 'index',
    1 => 'index',
    2 => 'test',
  ),
  'convert' => false,
)
[ info ] [ HEADER ] array (
  'cookie' => 'bdshare_firstime=1509611409659; Hm_lvt_bb6f443b7002b8526f41857005f1ac2d=1509611410,1509698996; a3950_times=2; __guid=96992031.1548716200639575600.1511936515025.5093; monitor_count=220',
  'accept-language' => 'zh-CN,zh;q=0.8',
  'accept-encoding' => 'gzip, deflate, sdch, br',
  'accept' => 'text/html,application/xhtml+xml,application/xml;q=0.9,image/webp,*/*;q=0.8',
  'user-agent' => 'Mozilla/5.0 (Windows NT 6.1; WOW64) AppleWebKit/537.36 (KHTML, like Gecko) Chrome/55.0.2883.87 Safari/537.36',
  'upgrade-insecure-requests' => '1',
  'cache-control' => 'max-age=0',
  'connection' => 'close',
  'host' => '127.0.0.1:8080',
)
[ info ] [ PARAM ] array (
  'id' => '5',
)
[ info ] [ RUN ] app\index\controller\Index->test[ E:\www\www\tp5\application\index\controller\Index.php ]
[ info ] [ DB ] INIT mysql
[ info ] [ VIEW ] E:\www\www\tp5\public/../application/index\view\index\hello.html [ array (
  0 => 'list',
) ]
[ info ] [ LOG ] INIT File
[ sql ] [ DB ] CONNECT:[ UseTime:0.001000s ] mysql:host=127.0.0.1;dbname=yqpt;charset=utf8
[ sql ] [ SQL ] SHOW COLUMNS FROM `inst` [ RunTime:0.018001s ]
[ sql ] [ SQL ] SELECT * FROM `inst` WHERE  `states` = 1 LIMIT 10 [ RunTime:0.002000s ]
[ error ] [8]Trying to get property of non-object[E:\www\www\tp5\runtime\temp\319d682d7c0611a73464ce1da8dfbbc3.php:9]
---------------------------------------------------------------
[ 2018-01-17T16:39:40+08:00 ] 127.0.0.1 GET /tp5/public/index.php/index/5
[ info ] 127.0.0.1:8080/tp5/public/index.php/index/5 [运行时间：0.093006s][吞吐率：10.75req/s] [内存消耗：1,978.30kb] [文件加载：53]
[ info ] [ LANG ] E:\www\www\tp5\thinkphp\lang\zh-cn.php
[ info ] [ ROUTE ] array (
  'type' => 'module',
  'module' => 
  array (
    0 => 'index',
    1 => 'index',
    2 => 'test',
  ),
  'convert' => false,
)
[ info ] [ HEADER ] array (
  'cookie' => 'bdshare_firstime=1509611409659; Hm_lvt_bb6f443b7002b8526f41857005f1ac2d=1509611410,1509698996; a3950_times=2; __guid=96992031.1548716200639575600.1511936515025.5093; monitor_count=221',
  'accept-language' => 'zh-CN,zh;q=0.8',
  'accept-encoding' => 'gzip, deflate, sdch, br',
  'accept' => 'text/html,application/xhtml+xml,application/xml;q=0.9,image/webp,*/*;q=0.8',
  'user-agent' => 'Mozilla/5.0 (Windows NT 6.1; WOW64) AppleWebKit/537.36 (KHTML, like Gecko) Chrome/55.0.2883.87 Safari/537.36',
  'upgrade-insecure-requests' => '1',
  'cache-control' => 'max-age=0',
  'connection' => 'close',
  'host' => '127.0.0.1:8080',
)
[ info ] [ PARAM ] array (
  'id' => '5',
)
[ info ] [ RUN ] app\index\controller\Index->test[ E:\www\www\tp5\application\index\controller\Index.php ]
[ info ] [ DB ] INIT mysql
[ info ] [ VIEW ] E:\www\www\tp5\public/../application/index\view\index\hello.html [ array (
  0 => 'list',
) ]
[ info ] [ LOG ] INIT File
[ sql ] [ DB ] CONNECT:[ UseTime:0.000000s ] mysql:host=127.0.0.1;dbname=yqpt;charset=utf8
[ sql ] [ SQL ] SHOW COLUMNS FROM `inst` [ RunTime:0.015000s ]
[ sql ] [ SQL ] SELECT * FROM `inst` WHERE  `states` = 1 LIMIT 10 [ RunTime:0.002001s ]
[ error ] [8]Trying to get property of non-object[E:\www\www\tp5\runtime\temp\319d682d7c0611a73464ce1da8dfbbc3.php:9]
---------------------------------------------------------------
[ 2018-01-17T16:40:26+08:00 ] 127.0.0.1 GET /tp5/public/index.php/index/5
[ info ] 127.0.0.1:8080/tp5/public/index.php/index/5 [运行时间：0.094005s][吞吐率：10.64req/s] [内存消耗：2,056.24kb] [文件加载：51]
[ info ] [ LANG ] E:\www\www\tp5\thinkphp\lang\zh-cn.php
[ info ] [ ROUTE ] array (
  'type' => 'module',
  'module' => 
  array (
    0 => 'index',
    1 => 'index',
    2 => 'test',
  ),
  'convert' => false,
)
[ info ] [ HEADER ] array (
  'cookie' => 'bdshare_firstime=1509611409659; Hm_lvt_bb6f443b7002b8526f41857005f1ac2d=1509611410,1509698996; a3950_times=2; __guid=96992031.1548716200639575600.1511936515025.5093; monitor_count=222',
  'accept-language' => 'zh-CN,zh;q=0.8',
  'accept-encoding' => 'gzip, deflate, sdch, br',
  'accept' => 'text/html,application/xhtml+xml,application/xml;q=0.9,image/webp,*/*;q=0.8',
  'user-agent' => 'Mozilla/5.0 (Windows NT 6.1; WOW64) AppleWebKit/537.36 (KHTML, like Gecko) Chrome/55.0.2883.87 Safari/537.36',
  'upgrade-insecure-requests' => '1',
  'cache-control' => 'max-age=0',
  'connection' => 'close',
  'host' => '127.0.0.1:8080',
)
[ info ] [ PARAM ] array (
  'id' => '5',
)
[ info ] [ RUN ] app\index\controller\Index->test[ E:\www\www\tp5\application\index\controller\Index.php ]
[ info ] [ DB ] INIT mysql
[ info ] [ VIEW ] E:\www\www\tp5\public/../application/index\view\index\hello.html [ array (
  0 => 'list',
) ]
[ info ] [ LOG ] INIT File
[ sql ] [ DB ] CONNECT:[ UseTime:0.001000s ] mysql:host=127.0.0.1;dbname=yqpt;charset=utf8
[ sql ] [ SQL ] SHOW COLUMNS FROM `inst` [ RunTime:0.014001s ]
[ sql ] [ SQL ] SELECT * FROM `inst` WHERE  `states` = 1 LIMIT 10 [ RunTime:0.002000s ]
---------------------------------------------------------------
[ 2018-01-17T16:40:30+08:00 ] 127.0.0.1 GET /tp5/public/index.php/index/5
[ info ] 127.0.0.1:8080/tp5/public/index.php/index/5 [运行时间：0.084005s][吞吐率：11.90req/s] [内存消耗：1,940.54kb] [文件加载：49]
[ info ] [ LANG ] E:\www\www\tp5\thinkphp\lang\zh-cn.php
[ info ] [ ROUTE ] array (
  'type' => 'module',
  'module' => 
  array (
    0 => 'index',
    1 => 'index',
    2 => 'test',
  ),
  'convert' => false,
)
[ info ] [ HEADER ] array (
  'cookie' => 'bdshare_firstime=1509611409659; Hm_lvt_bb6f443b7002b8526f41857005f1ac2d=1509611410,1509698996; a3950_times=2; __guid=96992031.1548716200639575600.1511936515025.5093; monitor_count=223',
  'accept-language' => 'zh-CN,zh;q=0.8',
  'accept-encoding' => 'gzip, deflate, sdch, br',
  'accept' => 'text/html,application/xhtml+xml,application/xml;q=0.9,image/webp,*/*;q=0.8',
  'user-agent' => 'Mozilla/5.0 (Windows NT 6.1; WOW64) AppleWebKit/537.36 (KHTML, like Gecko) Chrome/55.0.2883.87 Safari/537.36',
  'upgrade-insecure-requests' => '1',
  'cache-control' => 'max-age=0',
  'connection' => 'close',
  'host' => '127.0.0.1:8080',
)
[ info ] [ PARAM ] array (
  'id' => '5',
)
[ info ] [ RUN ] app\index\controller\Index->test[ E:\www\www\tp5\application\index\controller\Index.php ]
[ info ] [ DB ] INIT mysql
[ info ] [ VIEW ] E:\www\www\tp5\public/../application/index\view\index\hello.html [ array (
  0 => 'list',
) ]
[ info ] [ LOG ] INIT File
[ sql ] [ DB ] CONNECT:[ UseTime:0.000000s ] mysql:host=127.0.0.1;dbname=yqpt;charset=utf8
[ sql ] [ SQL ] SHOW COLUMNS FROM `inst` [ RunTime:0.013001s ]
[ sql ] [ SQL ] SELECT * FROM `inst` WHERE  `states` = 1 LIMIT 10 [ RunTime:0.002000s ]
---------------------------------------------------------------
[ 2018-01-17T16:40:31+08:00 ] 127.0.0.1 GET /tp5/public/index.php/index/5
[ info ] 127.0.0.1:8080/tp5/public/index.php/index/5 [运行时间：0.064004s][吞吐率：15.62req/s] [内存消耗：1,940.54kb] [文件加载：49]
[ info ] [ LANG ] E:\www\www\tp5\thinkphp\lang\zh-cn.php
[ info ] [ ROUTE ] array (
  'type' => 'module',
  'module' => 
  array (
    0 => 'index',
    1 => 'index',
    2 => 'test',
  ),
  'convert' => false,
)
[ info ] [ HEADER ] array (
  'cookie' => 'bdshare_firstime=1509611409659; Hm_lvt_bb6f443b7002b8526f41857005f1ac2d=1509611410,1509698996; a3950_times=2; __guid=96992031.1548716200639575600.1511936515025.5093; monitor_count=224',
  'accept-language' => 'zh-CN,zh;q=0.8',
  'accept-encoding' => 'gzip, deflate, sdch, br',
  'accept' => 'text/html,application/xhtml+xml,application/xml;q=0.9,image/webp,*/*;q=0.8',
  'user-agent' => 'Mozilla/5.0 (Windows NT 6.1; WOW64) AppleWebKit/537.36 (KHTML, like Gecko) Chrome/55.0.2883.87 Safari/537.36',
  'upgrade-insecure-requests' => '1',
  'cache-control' => 'max-age=0',
  'connection' => 'close',
  'host' => '127.0.0.1:8080',
)
[ info ] [ PARAM ] array (
  'id' => '5',
)
[ info ] [ RUN ] app\index\controller\Index->test[ E:\www\www\tp5\application\index\controller\Index.php ]
[ info ] [ DB ] INIT mysql
[ info ] [ VIEW ] E:\www\www\tp5\public/../application/index\view\index\hello.html [ array (
  0 => 'list',
) ]
[ info ] [ LOG ] INIT File
[ sql ] [ DB ] CONNECT:[ UseTime:0.002000s ] mysql:host=127.0.0.1;dbname=yqpt;charset=utf8
[ sql ] [ SQL ] SHOW COLUMNS FROM `inst` [ RunTime:0.012001s ]
[ sql ] [ SQL ] SELECT * FROM `inst` WHERE  `states` = 1 LIMIT 10 [ RunTime:0.002000s ]
---------------------------------------------------------------
[ 2018-01-17T16:44:57+08:00 ] 127.0.0.1 GET /tp5/public/index.php/index/5
[ info ] 127.0.0.1:8080/tp5/public/index.php/index/5 [运行时间：0.085005s][吞吐率：11.76req/s] [内存消耗：1,971.18kb] [文件加载：51]
[ info ] [ LANG ] E:\www\www\tp5\thinkphp\lang\zh-cn.php
[ info ] [ ROUTE ] array (
  'type' => 'module',
  'module' => 
  array (
    0 => 'index',
    1 => 'index',
    2 => 'test',
  ),
  'convert' => false,
)
[ info ] [ HEADER ] array (
  'cookie' => 'bdshare_firstime=1509611409659; Hm_lvt_bb6f443b7002b8526f41857005f1ac2d=1509611410,1509698996; a3950_times=2; __guid=96992031.1548716200639575600.1511936515025.5093; monitor_count=225',
  'accept-language' => 'zh-CN,zh;q=0.8',
  'accept-encoding' => 'gzip, deflate, sdch, br',
  'accept' => 'text/html,application/xhtml+xml,application/xml;q=0.9,image/webp,*/*;q=0.8',
  'user-agent' => 'Mozilla/5.0 (Windows NT 6.1; WOW64) AppleWebKit/537.36 (KHTML, like Gecko) Chrome/55.0.2883.87 Safari/537.36',
  'upgrade-insecure-requests' => '1',
  'cache-control' => 'max-age=0',
  'connection' => 'close',
  'host' => '127.0.0.1:8080',
)
[ info ] [ PARAM ] array (
  'id' => '5',
)
[ info ] [ RUN ] app\index\controller\Index->test[ E:\www\www\tp5\application\index\controller\Index.php ]
[ info ] [ DB ] INIT mysql
[ info ] [ VIEW ] E:\www\www\tp5\public/../application/index\view\index\hello.html [ array (
  0 => 'list',
) ]
[ info ] [ LOG ] INIT File
[ sql ] [ DB ] CONNECT:[ UseTime:0.001000s ] mysql:host=127.0.0.1;dbname=yqpt;charset=utf8
[ sql ] [ SQL ] SHOW COLUMNS FROM `inst` [ RunTime:0.015001s ]
[ sql ] [ SQL ] SELECT * FROM `inst` WHERE  `states` = 1 LIMIT 10 [ RunTime:0.002000s ]
[ error ] [0]模板文件不存在:../header.html[E:\www\www\tp5\thinkphp\library\think\Template.php:1084]
---------------------------------------------------------------
[ 2018-01-17T16:47:13+08:00 ] 127.0.0.1 GET /tp5/public/index.php/index/5
[ info ] 127.0.0.1:8080/tp5/public/index.php/index/5 [运行时间：0.087005s][吞吐率：11.49req/s] [内存消耗：1,971.21kb] [文件加载：51]
[ info ] [ LANG ] E:\www\www\tp5\thinkphp\lang\zh-cn.php
[ info ] [ ROUTE ] array (
  'type' => 'module',
  'module' => 
  array (
    0 => 'index',
    1 => 'index',
    2 => 'test',
  ),
  'convert' => false,
)
[ info ] [ HEADER ] array (
  'cookie' => 'bdshare_firstime=1509611409659; Hm_lvt_bb6f443b7002b8526f41857005f1ac2d=1509611410,1509698996; a3950_times=2; __guid=96992031.1548716200639575600.1511936515025.5093; monitor_count=226',
  'accept-language' => 'zh-CN,zh;q=0.8',
  'accept-encoding' => 'gzip, deflate, sdch, br',
  'accept' => 'text/html,application/xhtml+xml,application/xml;q=0.9,image/webp,*/*;q=0.8',
  'user-agent' => 'Mozilla/5.0 (Windows NT 6.1; WOW64) AppleWebKit/537.36 (KHTML, like Gecko) Chrome/55.0.2883.87 Safari/537.36',
  'upgrade-insecure-requests' => '1',
  'cache-control' => 'max-age=0',
  'connection' => 'close',
  'host' => '127.0.0.1:8080',
)
[ info ] [ PARAM ] array (
  'id' => '5',
)
[ info ] [ RUN ] app\index\controller\Index->test[ E:\www\www\tp5\application\index\controller\Index.php ]
[ info ] [ DB ] INIT mysql
[ info ] [ VIEW ] E:\www\www\tp5\public/../application/index\view\index\hello.html [ array (
  0 => 'list',
) ]
[ info ] [ LOG ] INIT File
[ sql ] [ DB ] CONNECT:[ UseTime:0.003000s ] mysql:host=127.0.0.1;dbname=yqpt;charset=utf8
[ sql ] [ SQL ] SHOW COLUMNS FROM `inst` [ RunTime:0.011000s ]
[ sql ] [ SQL ] SELECT * FROM `inst` WHERE  `states` = 1 LIMIT 10 [ RunTime:0.001000s ]
[ error ] [0]模板文件不存在:index/header.html[E:\www\www\tp5\thinkphp\library\think\Template.php:1084]
---------------------------------------------------------------
[ 2018-01-17T16:47:20+08:00 ] 127.0.0.1 GET /tp5/public/index.php/index/5
[ info ] 127.0.0.1:8080/tp5/public/index.php/index/5 [运行时间：0.091005s][吞吐率：10.99req/s] [内存消耗：1,971.14kb] [文件加载：51]
[ info ] [ LANG ] E:\www\www\tp5\thinkphp\lang\zh-cn.php
[ info ] [ ROUTE ] array (
  'type' => 'module',
  'module' => 
  array (
    0 => 'index',
    1 => 'index',
    2 => 'test',
  ),
  'convert' => false,
)
[ info ] [ HEADER ] array (
  'cookie' => 'bdshare_firstime=1509611409659; Hm_lvt_bb6f443b7002b8526f41857005f1ac2d=1509611410,1509698996; a3950_times=2; __guid=96992031.1548716200639575600.1511936515025.5093; monitor_count=227',
  'accept-language' => 'zh-CN,zh;q=0.8',
  'accept-encoding' => 'gzip, deflate, sdch, br',
  'accept' => 'text/html,application/xhtml+xml,application/xml;q=0.9,image/webp,*/*;q=0.8',
  'user-agent' => 'Mozilla/5.0 (Windows NT 6.1; WOW64) AppleWebKit/537.36 (KHTML, like Gecko) Chrome/55.0.2883.87 Safari/537.36',
  'upgrade-insecure-requests' => '1',
  'cache-control' => 'max-age=0',
  'connection' => 'close',
  'host' => '127.0.0.1:8080',
)
[ info ] [ PARAM ] array (
  'id' => '5',
)
[ info ] [ RUN ] app\index\controller\Index->test[ E:\www\www\tp5\application\index\controller\Index.php ]
[ info ] [ DB ] INIT mysql
[ info ] [ VIEW ] E:\www\www\tp5\public/../application/index\view\index\hello.html [ array (
  0 => 'list',
) ]
[ info ] [ LOG ] INIT File
[ sql ] [ DB ] CONNECT:[ UseTime:0.010000s ] mysql:host=127.0.0.1;dbname=yqpt;charset=utf8
[ sql ] [ SQL ] SHOW COLUMNS FROM `inst` [ RunTime:0.010001s ]
[ sql ] [ SQL ] SELECT * FROM `inst` WHERE  `states` = 1 LIMIT 10 [ RunTime:0.002000s ]
[ error ] [0]模板文件不存在:/header.html[E:\www\www\tp5\thinkphp\library\think\Template.php:1084]
---------------------------------------------------------------
[ 2018-01-17T16:48:16+08:00 ] 127.0.0.1 GET /tp5/public/index.php/index/5
[ info ] 127.0.0.1:8080/tp5/public/index.php/index/5 [运行时间：0.086005s][吞吐率：11.63req/s] [内存消耗：1,971.13kb] [文件加载：51]
[ info ] [ LANG ] E:\www\www\tp5\thinkphp\lang\zh-cn.php
[ info ] [ ROUTE ] array (
  'type' => 'module',
  'module' => 
  array (
    0 => 'index',
    1 => 'index',
    2 => 'test',
  ),
  'convert' => false,
)
[ info ] [ HEADER ] array (
  'cookie' => 'bdshare_firstime=1509611409659; Hm_lvt_bb6f443b7002b8526f41857005f1ac2d=1509611410,1509698996; a3950_times=2; __guid=96992031.1548716200639575600.1511936515025.5093; monitor_count=228',
  'accept-language' => 'zh-CN,zh;q=0.8',
  'accept-encoding' => 'gzip, deflate, sdch, br',
  'accept' => 'text/html,application/xhtml+xml,application/xml;q=0.9,image/webp,*/*;q=0.8',
  'user-agent' => 'Mozilla/5.0 (Windows NT 6.1; WOW64) AppleWebKit/537.36 (KHTML, like Gecko) Chrome/55.0.2883.87 Safari/537.36',
  'upgrade-insecure-requests' => '1',
  'cache-control' => 'max-age=0',
  'connection' => 'close',
  'host' => '127.0.0.1:8080',
)
[ info ] [ PARAM ] array (
  'id' => '5',
)
[ info ] [ RUN ] app\index\controller\Index->test[ E:\www\www\tp5\application\index\controller\Index.php ]
[ info ] [ DB ] INIT mysql
[ info ] [ VIEW ] E:\www\www\tp5\public/../application/index\view\index\hello.html [ array (
  0 => 'list',
) ]
[ info ] [ LOG ] INIT File
[ sql ] [ DB ] CONNECT:[ UseTime:0.002000s ] mysql:host=127.0.0.1;dbname=yqpt;charset=utf8
[ sql ] [ SQL ] SHOW COLUMNS FROM `inst` [ RunTime:0.012001s ]
[ sql ] [ SQL ] SELECT * FROM `inst` WHERE  `states` = 1 LIMIT 10 [ RunTime:0.001000s ]
[ error ] [0]模板文件不存在:[E:\www\www\tp5\thinkphp\library\think\Template.php:1084]
---------------------------------------------------------------
[ 2018-01-17T16:49:25+08:00 ] 127.0.0.1 GET /tp5/public/index.php/index/5
[ info ] 127.0.0.1:8080/tp5/public/index.php/index/5 [运行时间：0.128008s][吞吐率：7.81req/s] [内存消耗：1,971.13kb] [文件加载：51]
[ info ] [ LANG ] E:\www\www\tp5\thinkphp\lang\zh-cn.php
[ info ] [ ROUTE ] array (
  'type' => 'module',
  'module' => 
  array (
    0 => 'index',
    1 => 'index',
    2 => 'test',
  ),
  'convert' => false,
)
[ info ] [ HEADER ] array (
  'cookie' => 'bdshare_firstime=1509611409659; Hm_lvt_bb6f443b7002b8526f41857005f1ac2d=1509611410,1509698996; a3950_times=2; __guid=96992031.1548716200639575600.1511936515025.5093; monitor_count=229',
  'accept-language' => 'zh-CN,zh;q=0.8',
  'accept-encoding' => 'gzip, deflate, sdch, br',
  'accept' => 'text/html,application/xhtml+xml,application/xml;q=0.9,image/webp,*/*;q=0.8',
  'user-agent' => 'Mozilla/5.0 (Windows NT 6.1; WOW64) AppleWebKit/537.36 (KHTML, like Gecko) Chrome/55.0.2883.87 Safari/537.36',
  'upgrade-insecure-requests' => '1',
  'cache-control' => 'max-age=0',
  'connection' => 'close',
  'host' => '127.0.0.1:8080',
)
[ info ] [ PARAM ] array (
  'id' => '5',
)
[ info ] [ RUN ] app\index\controller\Index->test[ E:\www\www\tp5\application\index\controller\Index.php ]
[ info ] [ DB ] INIT mysql
[ info ] [ VIEW ] E:\www\www\tp5\public/../application/index\view\index\hello.html [ array (
  0 => 'list',
) ]
[ info ] [ LOG ] INIT File
[ sql ] [ DB ] CONNECT:[ UseTime:0.011000s ] mysql:host=127.0.0.1;dbname=yqpt;charset=utf8
[ sql ] [ SQL ] SHOW COLUMNS FROM `inst` [ RunTime:0.015001s ]
[ sql ] [ SQL ] SELECT * FROM `inst` WHERE  `states` = 1 LIMIT 10 [ RunTime:0.002000s ]
[ error ] [0]模板文件不存在:[E:\www\www\tp5\thinkphp\library\think\Template.php:1084]
---------------------------------------------------------------
[ 2018-01-17T16:49:37+08:00 ] 127.0.0.1 GET /tp5/public/index.php/index/5
[ info ] 127.0.0.1:8080/tp5/public/index.php/index/5 [运行时间：0.103005s][吞吐率：9.71req/s] [内存消耗：1,971.11kb] [文件加载：51]
[ info ] [ LANG ] E:\www\www\tp5\thinkphp\lang\zh-cn.php
[ info ] [ ROUTE ] array (
  'type' => 'module',
  'module' => 
  array (
    0 => 'index',
    1 => 'index',
    2 => 'test',
  ),
  'convert' => false,
)
[ info ] [ HEADER ] array (
  'cookie' => 'bdshare_firstime=1509611409659; Hm_lvt_bb6f443b7002b8526f41857005f1ac2d=1509611410,1509698996; a3950_times=2; __guid=96992031.1548716200639575600.1511936515025.5093; monitor_count=230',
  'accept-language' => 'zh-CN,zh;q=0.8',
  'accept-encoding' => 'gzip, deflate, sdch, br',
  'accept' => 'text/html,application/xhtml+xml,application/xml;q=0.9,image/webp,*/*;q=0.8',
  'user-agent' => 'Mozilla/5.0 (Windows NT 6.1; WOW64) AppleWebKit/537.36 (KHTML, like Gecko) Chrome/55.0.2883.87 Safari/537.36',
  'upgrade-insecure-requests' => '1',
  'cache-control' => 'max-age=0',
  'connection' => 'close',
  'host' => '127.0.0.1:8080',
)
[ info ] [ PARAM ] array (
  'id' => '5',
)
[ info ] [ RUN ] app\index\controller\Index->test[ E:\www\www\tp5\application\index\controller\Index.php ]
[ info ] [ DB ] INIT mysql
[ info ] [ VIEW ] E:\www\www\tp5\public/../application/index\view\index\hello.html [ array (
  0 => 'list',
) ]
[ info ] [ LOG ] INIT File
[ sql ] [ DB ] CONNECT:[ UseTime:0.011001s ] mysql:host=127.0.0.1;dbname=yqpt;charset=utf8
[ sql ] [ SQL ] SHOW COLUMNS FROM `inst` [ RunTime:0.011000s ]
[ sql ] [ SQL ] SELECT * FROM `inst` WHERE  `states` = 1 LIMIT 10 [ RunTime:0.002001s ]
[ error ] [0]模板文件不存在:[E:\www\www\tp5\thinkphp\library\think\Template.php:1084]
---------------------------------------------------------------
[ 2018-01-17T16:51:34+08:00 ] 127.0.0.1 GET /tp5/public/index.php/index/5
[ info ] 127.0.0.1:8080/tp5/public/index.php/index/5 [运行时间：0.101006s][吞吐率：9.90req/s] [内存消耗：1,971.10kb] [文件加载：51]
[ info ] [ LANG ] E:\www\www\tp5\thinkphp\lang\zh-cn.php
[ info ] [ ROUTE ] array (
  'type' => 'module',
  'module' => 
  array (
    0 => 'index',
    1 => 'index',
    2 => 'test',
  ),
  'convert' => false,
)
[ info ] [ HEADER ] array (
  'cookie' => 'bdshare_firstime=1509611409659; Hm_lvt_bb6f443b7002b8526f41857005f1ac2d=1509611410,1509698996; a3950_times=2; __guid=96992031.1548716200639575600.1511936515025.5093; monitor_count=231',
  'accept-language' => 'zh-CN,zh;q=0.8',
  'accept-encoding' => 'gzip, deflate, sdch, br',
  'accept' => 'text/html,application/xhtml+xml,application/xml;q=0.9,image/webp,*/*;q=0.8',
  'user-agent' => 'Mozilla/5.0 (Windows NT 6.1; WOW64) AppleWebKit/537.36 (KHTML, like Gecko) Chrome/55.0.2883.87 Safari/537.36',
  'upgrade-insecure-requests' => '1',
  'cache-control' => 'max-age=0',
  'connection' => 'close',
  'host' => '127.0.0.1:8080',
)
[ info ] [ PARAM ] array (
  'id' => '5',
)
[ info ] [ RUN ] app\index\controller\Index->test[ E:\www\www\tp5\application\index\controller\Index.php ]
[ info ] [ DB ] INIT mysql
[ info ] [ VIEW ] E:\www\www\tp5\public/../application/index\view\index\hello.html [ array (
  0 => 'list',
) ]
[ info ] [ LOG ] INIT File
[ sql ] [ DB ] CONNECT:[ UseTime:0.002001s ] mysql:host=127.0.0.1;dbname=yqpt;charset=utf8
[ sql ] [ SQL ] SHOW COLUMNS FROM `inst` [ RunTime:0.016001s ]
[ sql ] [ SQL ] SELECT * FROM `inst` WHERE  `states` = 1 LIMIT 10 [ RunTime:0.001000s ]
[ error ] [0]模板文件不存在:[E:\www\www\tp5\thinkphp\library\think\Template.php:1084]
---------------------------------------------------------------
[ 2018-01-17T16:52:12+08:00 ] 127.0.0.1 GET /tp5/public/index.php/index/5
[ info ] 127.0.0.1:8080/tp5/public/index.php/index/5 [运行时间：0.084005s][吞吐率：11.90req/s] [内存消耗：1,971.14kb] [文件加载：51]
[ info ] [ LANG ] E:\www\www\tp5\thinkphp\lang\zh-cn.php
[ info ] [ ROUTE ] array (
  'type' => 'module',
  'module' => 
  array (
    0 => 'index',
    1 => 'index',
    2 => 'test',
  ),
  'convert' => false,
)
[ info ] [ HEADER ] array (
  'cookie' => 'bdshare_firstime=1509611409659; Hm_lvt_bb6f443b7002b8526f41857005f1ac2d=1509611410,1509698996; a3950_times=2; __guid=96992031.1548716200639575600.1511936515025.5093; monitor_count=232',
  'accept-language' => 'zh-CN,zh;q=0.8',
  'accept-encoding' => 'gzip, deflate, sdch, br',
  'accept' => 'text/html,application/xhtml+xml,application/xml;q=0.9,image/webp,*/*;q=0.8',
  'user-agent' => 'Mozilla/5.0 (Windows NT 6.1; WOW64) AppleWebKit/537.36 (KHTML, like Gecko) Chrome/55.0.2883.87 Safari/537.36',
  'upgrade-insecure-requests' => '1',
  'cache-control' => 'max-age=0',
  'connection' => 'close',
  'host' => '127.0.0.1:8080',
)
[ info ] [ PARAM ] array (
  'id' => '5',
)
[ info ] [ RUN ] app\index\controller\Index->test[ E:\www\www\tp5\application\index\controller\Index.php ]
[ info ] [ DB ] INIT mysql
[ info ] [ VIEW ] E:\www\www\tp5\public/../application/index\view\index\hello.html [ array (
  0 => 'list',
) ]
[ info ] [ LOG ] INIT File
[ sql ] [ DB ] CONNECT:[ UseTime:0.001000s ] mysql:host=127.0.0.1;dbname=yqpt;charset=utf8
[ sql ] [ SQL ] SHOW COLUMNS FROM `inst` [ RunTime:0.012001s ]
[ sql ] [ SQL ] SELECT * FROM `inst` WHERE  `states` = 1 LIMIT 10 [ RunTime:0.001000s ]
[ error ] [0]模板文件不存在:header.html[E:\www\www\tp5\thinkphp\library\think\Template.php:1084]
---------------------------------------------------------------
[ 2018-01-17T16:52:22+08:00 ] 127.0.0.1 GET /tp5/public/index.php/index/5
[ info ] 127.0.0.1:8080/tp5/public/index.php/index/5 [运行时间：0.079005s][吞吐率：12.66req/s] [内存消耗：1,971.16kb] [文件加载：51]
[ info ] [ LANG ] E:\www\www\tp5\thinkphp\lang\zh-cn.php
[ info ] [ ROUTE ] array (
  'type' => 'module',
  'module' => 
  array (
    0 => 'index',
    1 => 'index',
    2 => 'test',
  ),
  'convert' => false,
)
[ info ] [ HEADER ] array (
  'cookie' => 'bdshare_firstime=1509611409659; Hm_lvt_bb6f443b7002b8526f41857005f1ac2d=1509611410,1509698996; a3950_times=2; __guid=96992031.1548716200639575600.1511936515025.5093; monitor_count=233',
  'accept-language' => 'zh-CN,zh;q=0.8',
  'accept-encoding' => 'gzip, deflate, sdch, br',
  'accept' => 'text/html,application/xhtml+xml,application/xml;q=0.9,image/webp,*/*;q=0.8',
  'user-agent' => 'Mozilla/5.0 (Windows NT 6.1; WOW64) AppleWebKit/537.36 (KHTML, like Gecko) Chrome/55.0.2883.87 Safari/537.36',
  'upgrade-insecure-requests' => '1',
  'cache-control' => 'max-age=0',
  'connection' => 'close',
  'host' => '127.0.0.1:8080',
)
[ info ] [ PARAM ] array (
  'id' => '5',
)
[ info ] [ RUN ] app\index\controller\Index->test[ E:\www\www\tp5\application\index\controller\Index.php ]
[ info ] [ DB ] INIT mysql
[ info ] [ VIEW ] E:\www\www\tp5\public/../application/index\view\index\hello.html [ array (
  0 => 'list',
) ]
[ info ] [ LOG ] INIT File
[ sql ] [ DB ] CONNECT:[ UseTime:0.002000s ] mysql:host=127.0.0.1;dbname=yqpt;charset=utf8
[ sql ] [ SQL ] SHOW COLUMNS FROM `inst` [ RunTime:0.011001s ]
[ sql ] [ SQL ] SELECT * FROM `inst` WHERE  `states` = 1 LIMIT 10 [ RunTime:0.002000s ]
[ error ] [0]模板文件不存在:./header.html[E:\www\www\tp5\thinkphp\library\think\Template.php:1084]
---------------------------------------------------------------
[ 2018-01-17T16:54:00+08:00 ] 127.0.0.1 GET /tp5/public/index.php/index/5
[ info ] 127.0.0.1:8080/tp5/public/index.php/index/5 [运行时间：0.094005s][吞吐率：10.64req/s] [内存消耗：2,056.57kb] [文件加载：51]
[ info ] [ LANG ] E:\www\www\tp5\thinkphp\lang\zh-cn.php
[ info ] [ ROUTE ] array (
  'type' => 'module',
  'module' => 
  array (
    0 => 'index',
    1 => 'index',
    2 => 'test',
  ),
  'convert' => false,
)
[ info ] [ HEADER ] array (
  'cookie' => 'bdshare_firstime=1509611409659; Hm_lvt_bb6f443b7002b8526f41857005f1ac2d=1509611410,1509698996; a3950_times=2; __guid=96992031.1548716200639575600.1511936515025.5093; monitor_count=234',
  'accept-language' => 'zh-CN,zh;q=0.8',
  'accept-encoding' => 'gzip, deflate, sdch, br',
  'accept' => 'text/html,application/xhtml+xml,application/xml;q=0.9,image/webp,*/*;q=0.8',
  'user-agent' => 'Mozilla/5.0 (Windows NT 6.1; WOW64) AppleWebKit/537.36 (KHTML, like Gecko) Chrome/55.0.2883.87 Safari/537.36',
  'upgrade-insecure-requests' => '1',
  'cache-control' => 'max-age=0',
  'connection' => 'close',
  'host' => '127.0.0.1:8080',
)
[ info ] [ PARAM ] array (
  'id' => '5',
)
[ info ] [ RUN ] app\index\controller\Index->test[ E:\www\www\tp5\application\index\controller\Index.php ]
[ info ] [ DB ] INIT mysql
[ info ] [ VIEW ] E:\www\www\tp5\public/../application/index\view\index\hello.html [ array (
  0 => 'list',
) ]
[ info ] [ LOG ] INIT File
[ sql ] [ DB ] CONNECT:[ UseTime:0.004000s ] mysql:host=127.0.0.1;dbname=yqpt;charset=utf8
[ sql ] [ SQL ] SHOW COLUMNS FROM `inst` [ RunTime:0.012001s ]
[ sql ] [ SQL ] SELECT * FROM `inst` WHERE  `states` = 1 LIMIT 10 [ RunTime:0.002000s ]
---------------------------------------------------------------
[ 2018-01-17T16:54:03+08:00 ] 127.0.0.1 GET /tp5/public/index.php/index/5
[ info ] 127.0.0.1:8080/tp5/public/index.php/index/5 [运行时间：0.073004s][吞吐率：13.70req/s] [内存消耗：1,940.55kb] [文件加载：49]
[ info ] [ LANG ] E:\www\www\tp5\thinkphp\lang\zh-cn.php
[ info ] [ ROUTE ] array (
  'type' => 'module',
  'module' => 
  array (
    0 => 'index',
    1 => 'index',
    2 => 'test',
  ),
  'convert' => false,
)
[ info ] [ HEADER ] array (
  'cookie' => 'bdshare_firstime=1509611409659; Hm_lvt_bb6f443b7002b8526f41857005f1ac2d=1509611410,1509698996; a3950_times=2; __guid=96992031.1548716200639575600.1511936515025.5093; monitor_count=235',
  'accept-language' => 'zh-CN,zh;q=0.8',
  'accept-encoding' => 'gzip, deflate, sdch, br',
  'accept' => 'text/html,application/xhtml+xml,application/xml;q=0.9,image/webp,*/*;q=0.8',
  'user-agent' => 'Mozilla/5.0 (Windows NT 6.1; WOW64) AppleWebKit/537.36 (KHTML, like Gecko) Chrome/55.0.2883.87 Safari/537.36',
  'upgrade-insecure-requests' => '1',
  'cache-control' => 'max-age=0',
  'connection' => 'close',
  'host' => '127.0.0.1:8080',
)
[ info ] [ PARAM ] array (
  'id' => '5',
)
[ info ] [ RUN ] app\index\controller\Index->test[ E:\www\www\tp5\application\index\controller\Index.php ]
[ info ] [ DB ] INIT mysql
[ info ] [ VIEW ] E:\www\www\tp5\public/../application/index\view\index\hello.html [ array (
  0 => 'list',
) ]
[ info ] [ LOG ] INIT File
[ sql ] [ DB ] CONNECT:[ UseTime:0.001000s ] mysql:host=127.0.0.1;dbname=yqpt;charset=utf8
[ sql ] [ SQL ] SHOW COLUMNS FROM `inst` [ RunTime:0.014001s ]
[ sql ] [ SQL ] SELECT * FROM `inst` WHERE  `states` = 1 LIMIT 10 [ RunTime:0.002000s ]
---------------------------------------------------------------
[ 2018-01-17T17:02:56+08:00 ] 127.0.0.1 GET /tp5/public/index.php/5
[ info ] 127.0.0.1:8080/tp5/public/index.php/5 [运行时间：0.054003s][吞吐率：18.52req/s] [内存消耗：1,052.51kb] [文件加载：38]
[ info ] [ LANG ] E:\www\www\tp5\thinkphp\lang\zh-cn.php
[ info ] [ ROUTE ] array (
  'type' => 'module',
  'module' => 
  array (
    0 => '5',
    1 => NULL,
    2 => NULL,
  ),
)
[ info ] [ HEADER ] array (
  'cookie' => 'bdshare_firstime=1509611409659; Hm_lvt_bb6f443b7002b8526f41857005f1ac2d=1509611410,1509698996; a3950_times=2; __guid=96992031.1548716200639575600.1511936515025.5093; monitor_count=236',
  'accept-language' => 'zh-CN,zh;q=0.8',
  'accept-encoding' => 'gzip, deflate, sdch, br',
  'accept' => 'text/html,application/xhtml+xml,application/xml;q=0.9,image/webp,*/*;q=0.8',
  'user-agent' => 'Mozilla/5.0 (Windows NT 6.1; WOW64) AppleWebKit/537.36 (KHTML, like Gecko) Chrome/55.0.2883.87 Safari/537.36',
  'upgrade-insecure-requests' => '1',
  'connection' => 'close',
  'host' => '127.0.0.1:8080',
)
[ info ] [ PARAM ] array (
)
[ info ] [ LOG ] INIT File
---------------------------------------------------------------
[ 2018-01-17T17:02:58+08:00 ] 127.0.0.1 GET /tp5/public/index.php
[ info ] 127.0.0.1:8080/tp5/public/index.php [运行时间：0.036002s][吞吐率：27.78req/s] [内存消耗：1,027.74kb] [文件加载：36]
[ info ] [ LANG ] E:\www\www\tp5\thinkphp\lang\zh-cn.php
[ info ] [ ROUTE ] array (
  'type' => 'module',
  'module' => 
  array (
    0 => '',
    1 => NULL,
    2 => NULL,
  ),
)
[ info ] [ HEADER ] array (
  'cookie' => 'bdshare_firstime=1509611409659; Hm_lvt_bb6f443b7002b8526f41857005f1ac2d=1509611410,1509698996; a3950_times=2; __guid=96992031.1548716200639575600.1511936515025.5093; monitor_count=237',
  'accept-language' => 'zh-CN,zh;q=0.8',
  'accept-encoding' => 'gzip, deflate, sdch, br',
  'accept' => 'text/html,application/xhtml+xml,application/xml;q=0.9,image/webp,*/*;q=0.8',
  'user-agent' => 'Mozilla/5.0 (Windows NT 6.1; WOW64) AppleWebKit/537.36 (KHTML, like Gecko) Chrome/55.0.2883.87 Safari/537.36',
  'upgrade-insecure-requests' => '1',
  'connection' => 'close',
  'host' => '127.0.0.1:8080',
)
[ info ] [ PARAM ] array (
)
[ info ] [ RUN ] app\index\controller\Index->index[ E:\www\www\tp5\application\index\controller\Index.php ]
[ info ] [ LOG ] INIT File
