---------------------------------------------------------------
[ 2018-01-31T09:03:56+08:00 ] 127.0.0.1 GET /tp5/public/
[ info ] 127.0.0.1:8080/tp5/public/ [运行时间：0.056003s][吞吐率：17.86req/s] [内存消耗：1,405.79kb] [文件加载：47]
[ info ] [ LANG ] E:\www\www\tp5\thinkphp\lang\zh-cn.php
[ info ] [ ROUTE ] array (
  'type' => 'module',
  'module' => 
  array (
    0 => '',
    1 => NULL,
    2 => NULL,
  ),
)
[ info ] [ HEADER ] array (
  'cookie' => 'bdshare_firstime=1509611409659; Hm_lvt_bb6f443b7002b8526f41857005f1ac2d=1509611410,1509698996; a3950_times=2; __guid=96992031.1548716200639575600.1511936515025.5093; monitor_count=163',
  'accept-language' => 'zh-CN,zh;q=0.8',
  'accept-encoding' => 'gzip, deflate, sdch, br',
  'accept' => 'text/html,application/xhtml+xml,application/xml;q=0.9,image/webp,*/*;q=0.8',
  'user-agent' => 'Mozilla/5.0 (Windows NT 6.1; WOW64) AppleWebKit/537.36 (KHTML, like Gecko) Chrome/55.0.2883.87 Safari/537.36',
  'upgrade-insecure-requests' => '1',
  'connection' => 'close',
  'host' => '127.0.0.1:8080',
)
[ info ] [ PARAM ] array (
)
[ info ] [ RUN ] app\index\controller\Index->index[ E:\www\www\tp5\application\index\controller\Index.php ]
[ info ] [ VIEW ] E:\www\www\tp5\public/../application/index\view\index\index.html [ array (
) ]
[ info ] [ LOG ] INIT File
---------------------------------------------------------------
[ 2018-01-31T09:04:21+08:00 ] 127.0.0.1 GET /tp5/public/index.php
[ info ] 127.0.0.1:8080/tp5/public/index.php [运行时间：0.058003s][吞吐率：17.24req/s] [内存消耗：1,261.78kb] [文件加载：45]
[ info ] [ LANG ] E:\www\www\tp5\thinkphp\lang\zh-cn.php
[ info ] [ ROUTE ] array (
  'type' => 'module',
  'module' => 
  array (
    0 => '',
    1 => NULL,
    2 => NULL,
  ),
)
[ info ] [ HEADER ] array (
  'cookie' => 'bdshare_firstime=1509611409659; Hm_lvt_bb6f443b7002b8526f41857005f1ac2d=1509611410,1509698996; a3950_times=2; __guid=96992031.1548716200639575600.1511936515025.5093; monitor_count=166',
  'accept-language' => 'zh-CN,zh;q=0.8',
  'accept-encoding' => 'gzip, deflate, sdch, br',
  'accept' => 'text/html,application/xhtml+xml,application/xml;q=0.9,image/webp,*/*;q=0.8',
  'user-agent' => 'Mozilla/5.0 (Windows NT 6.1; WOW64) AppleWebKit/537.36 (KHTML, like Gecko) Chrome/55.0.2883.87 Safari/537.36',
  'upgrade-insecure-requests' => '1',
  'connection' => 'close',
  'host' => '127.0.0.1:8080',
)
[ info ] [ PARAM ] array (
)
[ info ] [ RUN ] app\index\controller\Index->index[ E:\www\www\tp5\application\index\controller\Index.php ]
[ info ] [ VIEW ] E:\www\www\tp5\public/../application/index\view\index\index.html [ array (
) ]
[ info ] [ LOG ] INIT File
---------------------------------------------------------------
[ 2018-01-31T09:04:31+08:00 ] 127.0.0.1 GET /tp5/public/index.php/manage
[ info ] 127.0.0.1:8080/tp5/public/index.php/manage [运行时间：0.074004s][吞吐率：13.51req/s] [内存消耗：1,363.73kb] [文件加载：47]
[ info ] [ LANG ] E:\www\www\tp5\thinkphp\lang\zh-cn.php
[ info ] [ ROUTE ] array (
  'type' => 'module',
  'module' => 
  array (
    0 => 'manage',
    1 => NULL,
    2 => NULL,
  ),
)
[ info ] [ HEADER ] array (
  'cookie' => 'bdshare_firstime=1509611409659; Hm_lvt_bb6f443b7002b8526f41857005f1ac2d=1509611410,1509698996; a3950_times=2; __guid=96992031.1548716200639575600.1511936515025.5093; monitor_count=167',
  'accept-language' => 'zh-CN,zh;q=0.8',
  'accept-encoding' => 'gzip, deflate, sdch, br',
  'accept' => 'text/html,application/xhtml+xml,application/xml;q=0.9,image/webp,*/*;q=0.8',
  'user-agent' => 'Mozilla/5.0 (Windows NT 6.1; WOW64) AppleWebKit/537.36 (KHTML, like Gecko) Chrome/55.0.2883.87 Safari/537.36',
  'upgrade-insecure-requests' => '1',
  'connection' => 'close',
  'host' => '127.0.0.1:8080',
)
[ info ] [ PARAM ] array (
)
[ info ] [ RUN ] app\manage\controller\Index->index[ E:\www\www\tp5\application\manage\controller\Index.php ]
[ info ] [ VIEW ] E:\www\www\tp5\public/../application/manage\view\index\index.html [ array (
) ]
[ info ] [ LOG ] INIT File
---------------------------------------------------------------
[ 2018-01-31T09:13:32+08:00 ] 127.0.0.1 GET /tp5/public/index.php/manage
[ info ] 127.0.0.1:8080/tp5/public/index.php/manage [运行时间：0.050003s][吞吐率：20.00req/s] [内存消耗：1,246.25kb] [文件加载：45]
[ info ] [ LANG ] E:\www\www\tp5\thinkphp\lang\zh-cn.php
[ info ] [ ROUTE ] array (
  'type' => 'module',
  'module' => 
  array (
    0 => 'manage',
    1 => NULL,
    2 => NULL,
  ),
)
[ info ] [ HEADER ] array (
  'cookie' => 'bdshare_firstime=1509611409659; Hm_lvt_bb6f443b7002b8526f41857005f1ac2d=1509611410,1509698996; a3950_times=2; __guid=96992031.1548716200639575600.1511936515025.5093; monitor_count=168',
  'accept-language' => 'zh-CN,zh;q=0.8',
  'accept-encoding' => 'gzip, deflate, sdch, br',
  'referer' => 'http://127.0.0.1:8080/tp5/public/index.php/manage',
  'accept' => 'text/html,application/xhtml+xml,application/xml;q=0.9,image/webp,*/*;q=0.8',
  'user-agent' => 'Mozilla/5.0 (Windows NT 6.1; WOW64) AppleWebKit/537.36 (KHTML, like Gecko) Chrome/55.0.2883.87 Safari/537.36',
  'upgrade-insecure-requests' => '1',
  'connection' => 'close',
  'host' => '127.0.0.1:8080',
)
[ info ] [ PARAM ] array (
)
[ info ] [ RUN ] app\manage\controller\Index->index[ E:\www\www\tp5\application\manage\controller\Index.php ]
[ info ] [ VIEW ] E:\www\www\tp5\public/../application/manage\view\index\index.html [ array (
) ]
[ info ] [ LOG ] INIT File
---------------------------------------------------------------
[ 2018-01-31T09:32:44+08:00 ] 127.0.0.1 GET /tp5/public/index.php/manage
[ info ] 127.0.0.1:8080/tp5/public/index.php/manage [运行时间：0.048002s][吞吐率：20.83req/s] [内存消耗：1,246.25kb] [文件加载：45]
[ info ] [ LANG ] E:\www\www\tp5\thinkphp\lang\zh-cn.php
[ info ] [ ROUTE ] array (
  'type' => 'module',
  'module' => 
  array (
    0 => 'manage',
    1 => NULL,
    2 => NULL,
  ),
)
[ info ] [ HEADER ] array (
  'cookie' => 'bdshare_firstime=1509611409659; Hm_lvt_bb6f443b7002b8526f41857005f1ac2d=1509611410,1509698996; a3950_times=2; __guid=96992031.1548716200639575600.1511936515025.5093; monitor_count=169',
  'accept-language' => 'zh-CN,zh;q=0.8',
  'accept-encoding' => 'gzip, deflate, sdch, br',
  'referer' => 'http://127.0.0.1:8080/tp5/public/index.php/manage',
  'accept' => 'text/html,application/xhtml+xml,application/xml;q=0.9,image/webp,*/*;q=0.8',
  'user-agent' => 'Mozilla/5.0 (Windows NT 6.1; WOW64) AppleWebKit/537.36 (KHTML, like Gecko) Chrome/55.0.2883.87 Safari/537.36',
  'upgrade-insecure-requests' => '1',
  'connection' => 'close',
  'host' => '127.0.0.1:8080',
)
[ info ] [ PARAM ] array (
)
[ info ] [ RUN ] app\manage\controller\Index->index[ E:\www\www\tp5\application\manage\controller\Index.php ]
[ info ] [ VIEW ] E:\www\www\tp5\public/../application/manage\view\index\index.html [ array (
) ]
[ info ] [ LOG ] INIT File
---------------------------------------------------------------
[ 2018-01-31T09:49:30+08:00 ] 127.0.0.1 GET /tp5/public/index.php/manage
[ info ] 127.0.0.1:8080/tp5/public/index.php/manage [运行时间：0.052003s][吞吐率：19.23req/s] [内存消耗：1,246.25kb] [文件加载：45]
[ info ] [ LANG ] E:\www\www\tp5\thinkphp\lang\zh-cn.php
[ info ] [ ROUTE ] array (
  'type' => 'module',
  'module' => 
  array (
    0 => 'manage',
    1 => NULL,
    2 => NULL,
  ),
)
[ info ] [ HEADER ] array (
  'cookie' => 'bdshare_firstime=1509611409659; Hm_lvt_bb6f443b7002b8526f41857005f1ac2d=1509611410,1509698996; a3950_times=2; __guid=96992031.1548716200639575600.1511936515025.5093; monitor_count=170',
  'accept-language' => 'zh-CN,zh;q=0.8',
  'accept-encoding' => 'gzip, deflate, sdch, br',
  'referer' => 'http://127.0.0.1:8080/tp5/public/index.php/manage',
  'accept' => 'text/html,application/xhtml+xml,application/xml;q=0.9,image/webp,*/*;q=0.8',
  'user-agent' => 'Mozilla/5.0 (Windows NT 6.1; WOW64) AppleWebKit/537.36 (KHTML, like Gecko) Chrome/55.0.2883.87 Safari/537.36',
  'upgrade-insecure-requests' => '1',
  'connection' => 'close',
  'host' => '127.0.0.1:8080',
)
[ info ] [ PARAM ] array (
)
[ info ] [ RUN ] app\manage\controller\Index->index[ E:\www\www\tp5\application\manage\controller\Index.php ]
[ info ] [ VIEW ] E:\www\www\tp5\public/../application/manage\view\index\index.html [ array (
) ]
[ info ] [ LOG ] INIT File
---------------------------------------------------------------
[ 2018-01-31T09:49:32+08:00 ] 127.0.0.1 GET /tp5/public/index.php/manage
[ info ] 127.0.0.1:8080/tp5/public/index.php/manage [运行时间：0.052003s][吞吐率：19.23req/s] [内存消耗：1,246.26kb] [文件加载：45]
[ info ] [ LANG ] E:\www\www\tp5\thinkphp\lang\zh-cn.php
[ info ] [ ROUTE ] array (
  'type' => 'module',
  'module' => 
  array (
    0 => 'manage',
    1 => NULL,
    2 => NULL,
  ),
)
[ info ] [ HEADER ] array (
  'cookie' => 'bdshare_firstime=1509611409659; Hm_lvt_bb6f443b7002b8526f41857005f1ac2d=1509611410,1509698996; a3950_times=2; __guid=96992031.1548716200639575600.1511936515025.5093; monitor_count=171',
  'accept-language' => 'zh-CN,zh;q=0.8',
  'accept-encoding' => 'gzip, deflate, sdch, br',
  'referer' => 'http://127.0.0.1:8080/tp5/public/index.php/manage',
  'accept' => 'text/html,application/xhtml+xml,application/xml;q=0.9,image/webp,*/*;q=0.8',
  'user-agent' => 'Mozilla/5.0 (Windows NT 6.1; WOW64) AppleWebKit/537.36 (KHTML, like Gecko) Chrome/55.0.2883.87 Safari/537.36',
  'upgrade-insecure-requests' => '1',
  'connection' => 'close',
  'host' => '127.0.0.1:8080',
)
[ info ] [ PARAM ] array (
)
[ info ] [ RUN ] app\manage\controller\Index->index[ E:\www\www\tp5\application\manage\controller\Index.php ]
[ info ] [ VIEW ] E:\www\www\tp5\public/../application/manage\view\index\index.html [ array (
) ]
[ info ] [ LOG ] INIT File
---------------------------------------------------------------
[ 2018-01-31T09:49:59+08:00 ] 127.0.0.1 GET /tp5/public/index.php/manage
[ info ] 127.0.0.1:8080/tp5/public/index.php/manage [运行时间：0.054003s][吞吐率：18.52req/s] [内存消耗：1,246.26kb] [文件加载：45]
[ info ] [ LANG ] E:\www\www\tp5\thinkphp\lang\zh-cn.php
[ info ] [ ROUTE ] array (
  'type' => 'module',
  'module' => 
  array (
    0 => 'manage',
    1 => NULL,
    2 => NULL,
  ),
)
[ info ] [ HEADER ] array (
  'cookie' => 'bdshare_firstime=1509611409659; Hm_lvt_bb6f443b7002b8526f41857005f1ac2d=1509611410,1509698996; a3950_times=2; __guid=96992031.1548716200639575600.1511936515025.5093; monitor_count=172',
  'accept-language' => 'zh-CN,zh;q=0.8',
  'accept-encoding' => 'gzip, deflate, sdch, br',
  'referer' => 'http://127.0.0.1:8080/tp5/public/index.php/manage',
  'accept' => 'text/html,application/xhtml+xml,application/xml;q=0.9,image/webp,*/*;q=0.8',
  'user-agent' => 'Mozilla/5.0 (Windows NT 6.1; WOW64) AppleWebKit/537.36 (KHTML, like Gecko) Chrome/55.0.2883.87 Safari/537.36',
  'upgrade-insecure-requests' => '1',
  'connection' => 'close',
  'host' => '127.0.0.1:8080',
)
[ info ] [ PARAM ] array (
)
[ info ] [ RUN ] app\manage\controller\Index->index[ E:\www\www\tp5\application\manage\controller\Index.php ]
[ info ] [ VIEW ] E:\www\www\tp5\public/../application/manage\view\index\index.html [ array (
) ]
[ info ] [ LOG ] INIT File
---------------------------------------------------------------
[ 2018-01-31T09:50:00+08:00 ] 127.0.0.1 GET /tp5/public/index.php/manage
[ info ] 127.0.0.1:8080/tp5/public/index.php/manage [运行时间：0.053003s][吞吐率：18.87req/s] [内存消耗：1,246.26kb] [文件加载：45]
[ info ] [ LANG ] E:\www\www\tp5\thinkphp\lang\zh-cn.php
[ info ] [ ROUTE ] array (
  'type' => 'module',
  'module' => 
  array (
    0 => 'manage',
    1 => NULL,
    2 => NULL,
  ),
)
[ info ] [ HEADER ] array (
  'cookie' => 'bdshare_firstime=1509611409659; Hm_lvt_bb6f443b7002b8526f41857005f1ac2d=1509611410,1509698996; a3950_times=2; __guid=96992031.1548716200639575600.1511936515025.5093; monitor_count=173',
  'accept-language' => 'zh-CN,zh;q=0.8',
  'accept-encoding' => 'gzip, deflate, sdch, br',
  'referer' => 'http://127.0.0.1:8080/tp5/public/index.php/manage',
  'accept' => 'text/html,application/xhtml+xml,application/xml;q=0.9,image/webp,*/*;q=0.8',
  'user-agent' => 'Mozilla/5.0 (Windows NT 6.1; WOW64) AppleWebKit/537.36 (KHTML, like Gecko) Chrome/55.0.2883.87 Safari/537.36',
  'upgrade-insecure-requests' => '1',
  'connection' => 'close',
  'host' => '127.0.0.1:8080',
)
[ info ] [ PARAM ] array (
)
[ info ] [ RUN ] app\manage\controller\Index->index[ E:\www\www\tp5\application\manage\controller\Index.php ]
[ info ] [ VIEW ] E:\www\www\tp5\public/../application/manage\view\index\index.html [ array (
) ]
[ info ] [ LOG ] INIT File
---------------------------------------------------------------
[ 2018-01-31T09:50:00+08:00 ] 127.0.0.1 GET /tp5/public/index.php/manage
[ info ] 127.0.0.1:8080/tp5/public/index.php/manage [运行时间：0.058003s][吞吐率：17.24req/s] [内存消耗：1,246.26kb] [文件加载：45]
[ info ] [ LANG ] E:\www\www\tp5\thinkphp\lang\zh-cn.php
[ info ] [ ROUTE ] array (
  'type' => 'module',
  'module' => 
  array (
    0 => 'manage',
    1 => NULL,
    2 => NULL,
  ),
)
[ info ] [ HEADER ] array (
  'cookie' => 'bdshare_firstime=1509611409659; Hm_lvt_bb6f443b7002b8526f41857005f1ac2d=1509611410,1509698996; a3950_times=2; __guid=96992031.1548716200639575600.1511936515025.5093; monitor_count=174',
  'accept-language' => 'zh-CN,zh;q=0.8',
  'accept-encoding' => 'gzip, deflate, sdch, br',
  'referer' => 'http://127.0.0.1:8080/tp5/public/index.php/manage',
  'accept' => 'text/html,application/xhtml+xml,application/xml;q=0.9,image/webp,*/*;q=0.8',
  'user-agent' => 'Mozilla/5.0 (Windows NT 6.1; WOW64) AppleWebKit/537.36 (KHTML, like Gecko) Chrome/55.0.2883.87 Safari/537.36',
  'upgrade-insecure-requests' => '1',
  'connection' => 'close',
  'host' => '127.0.0.1:8080',
)
[ info ] [ PARAM ] array (
)
[ info ] [ RUN ] app\manage\controller\Index->index[ E:\www\www\tp5\application\manage\controller\Index.php ]
[ info ] [ VIEW ] E:\www\www\tp5\public/../application/manage\view\index\index.html [ array (
) ]
[ info ] [ LOG ] INIT File
---------------------------------------------------------------
[ 2018-01-31T09:50:57+08:00 ] 127.0.0.1 GET /tp5/public/index.php/manage
[ info ] 127.0.0.1:8080/tp5/public/index.php/manage [运行时间：0.051003s][吞吐率：19.61req/s] [内存消耗：1,246.26kb] [文件加载：45]
[ info ] [ LANG ] E:\www\www\tp5\thinkphp\lang\zh-cn.php
[ info ] [ ROUTE ] array (
  'type' => 'module',
  'module' => 
  array (
    0 => 'manage',
    1 => NULL,
    2 => NULL,
  ),
)
[ info ] [ HEADER ] array (
  'cookie' => 'bdshare_firstime=1509611409659; Hm_lvt_bb6f443b7002b8526f41857005f1ac2d=1509611410,1509698996; a3950_times=2; __guid=96992031.1548716200639575600.1511936515025.5093; monitor_count=175',
  'accept-language' => 'zh-CN,zh;q=0.8',
  'accept-encoding' => 'gzip, deflate, sdch, br',
  'referer' => 'http://127.0.0.1:8080/tp5/public/index.php/manage',
  'accept' => 'text/html,application/xhtml+xml,application/xml;q=0.9,image/webp,*/*;q=0.8',
  'user-agent' => 'Mozilla/5.0 (Windows NT 6.1; WOW64) AppleWebKit/537.36 (KHTML, like Gecko) Chrome/55.0.2883.87 Safari/537.36',
  'upgrade-insecure-requests' => '1',
  'connection' => 'close',
  'host' => '127.0.0.1:8080',
)
[ info ] [ PARAM ] array (
)
[ info ] [ RUN ] app\manage\controller\Index->index[ E:\www\www\tp5\application\manage\controller\Index.php ]
[ info ] [ VIEW ] E:\www\www\tp5\public/../application/manage\view\index\index.html [ array (
) ]
[ info ] [ LOG ] INIT File
---------------------------------------------------------------
[ 2018-01-31T09:50:58+08:00 ] 127.0.0.1 GET /tp5/public/index.php/manage
[ info ] 127.0.0.1:8080/tp5/public/index.php/manage [运行时间：0.047002s][吞吐率：21.28req/s] [内存消耗：1,246.26kb] [文件加载：45]
[ info ] [ LANG ] E:\www\www\tp5\thinkphp\lang\zh-cn.php
[ info ] [ ROUTE ] array (
  'type' => 'module',
  'module' => 
  array (
    0 => 'manage',
    1 => NULL,
    2 => NULL,
  ),
)
[ info ] [ HEADER ] array (
  'cookie' => 'bdshare_firstime=1509611409659; Hm_lvt_bb6f443b7002b8526f41857005f1ac2d=1509611410,1509698996; a3950_times=2; __guid=96992031.1548716200639575600.1511936515025.5093; monitor_count=176',
  'accept-language' => 'zh-CN,zh;q=0.8',
  'accept-encoding' => 'gzip, deflate, sdch, br',
  'referer' => 'http://127.0.0.1:8080/tp5/public/index.php/manage',
  'accept' => 'text/html,application/xhtml+xml,application/xml;q=0.9,image/webp,*/*;q=0.8',
  'user-agent' => 'Mozilla/5.0 (Windows NT 6.1; WOW64) AppleWebKit/537.36 (KHTML, like Gecko) Chrome/55.0.2883.87 Safari/537.36',
  'upgrade-insecure-requests' => '1',
  'connection' => 'close',
  'host' => '127.0.0.1:8080',
)
[ info ] [ PARAM ] array (
)
[ info ] [ RUN ] app\manage\controller\Index->index[ E:\www\www\tp5\application\manage\controller\Index.php ]
[ info ] [ VIEW ] E:\www\www\tp5\public/../application/manage\view\index\index.html [ array (
) ]
[ info ] [ LOG ] INIT File
---------------------------------------------------------------
[ 2018-01-31T09:51:02+08:00 ] 127.0.0.1 GET /tp5/public/index.php/manage
[ info ] 127.0.0.1:8080/tp5/public/index.php/manage [运行时间：0.052003s][吞吐率：19.23req/s] [内存消耗：1,246.26kb] [文件加载：45]
[ info ] [ LANG ] E:\www\www\tp5\thinkphp\lang\zh-cn.php
[ info ] [ ROUTE ] array (
  'type' => 'module',
  'module' => 
  array (
    0 => 'manage',
    1 => NULL,
    2 => NULL,
  ),
)
[ info ] [ HEADER ] array (
  'cookie' => 'bdshare_firstime=1509611409659; Hm_lvt_bb6f443b7002b8526f41857005f1ac2d=1509611410,1509698996; a3950_times=2; __guid=96992031.1548716200639575600.1511936515025.5093; monitor_count=177',
  'accept-language' => 'zh-CN,zh;q=0.8',
  'accept-encoding' => 'gzip, deflate, sdch, br',
  'referer' => 'http://127.0.0.1:8080/tp5/public/index.php/manage',
  'accept' => 'text/html,application/xhtml+xml,application/xml;q=0.9,image/webp,*/*;q=0.8',
  'user-agent' => 'Mozilla/5.0 (Windows NT 6.1; WOW64) AppleWebKit/537.36 (KHTML, like Gecko) Chrome/55.0.2883.87 Safari/537.36',
  'upgrade-insecure-requests' => '1',
  'connection' => 'close',
  'host' => '127.0.0.1:8080',
)
[ info ] [ PARAM ] array (
)
[ info ] [ RUN ] app\manage\controller\Index->index[ E:\www\www\tp5\application\manage\controller\Index.php ]
[ info ] [ VIEW ] E:\www\www\tp5\public/../application/manage\view\index\index.html [ array (
) ]
[ info ] [ LOG ] INIT File
---------------------------------------------------------------
[ 2018-01-31T09:51:03+08:00 ] 127.0.0.1 GET /tp5/public/index.php/manage
[ info ] 127.0.0.1:8080/tp5/public/index.php/manage [运行时间：0.049003s][吞吐率：20.41req/s] [内存消耗：1,246.26kb] [文件加载：45]
[ info ] [ LANG ] E:\www\www\tp5\thinkphp\lang\zh-cn.php
[ info ] [ ROUTE ] array (
  'type' => 'module',
  'module' => 
  array (
    0 => 'manage',
    1 => NULL,
    2 => NULL,
  ),
)
[ info ] [ HEADER ] array (
  'cookie' => 'bdshare_firstime=1509611409659; Hm_lvt_bb6f443b7002b8526f41857005f1ac2d=1509611410,1509698996; a3950_times=2; __guid=96992031.1548716200639575600.1511936515025.5093; monitor_count=178',
  'accept-language' => 'zh-CN,zh;q=0.8',
  'accept-encoding' => 'gzip, deflate, sdch, br',
  'referer' => 'http://127.0.0.1:8080/tp5/public/index.php/manage',
  'accept' => 'text/html,application/xhtml+xml,application/xml;q=0.9,image/webp,*/*;q=0.8',
  'user-agent' => 'Mozilla/5.0 (Windows NT 6.1; WOW64) AppleWebKit/537.36 (KHTML, like Gecko) Chrome/55.0.2883.87 Safari/537.36',
  'upgrade-insecure-requests' => '1',
  'connection' => 'close',
  'host' => '127.0.0.1:8080',
)
[ info ] [ PARAM ] array (
)
[ info ] [ RUN ] app\manage\controller\Index->index[ E:\www\www\tp5\application\manage\controller\Index.php ]
[ info ] [ VIEW ] E:\www\www\tp5\public/../application/manage\view\index\index.html [ array (
) ]
[ info ] [ LOG ] INIT File
---------------------------------------------------------------
[ 2018-01-31T09:51:09+08:00 ] 127.0.0.1 GET /tp5/public/index.php/manage
[ info ] 127.0.0.1:8080/tp5/public/index.php/manage [运行时间：0.054003s][吞吐率：18.52req/s] [内存消耗：1,246.26kb] [文件加载：45]
[ info ] [ LANG ] E:\www\www\tp5\thinkphp\lang\zh-cn.php
[ info ] [ ROUTE ] array (
  'type' => 'module',
  'module' => 
  array (
    0 => 'manage',
    1 => NULL,
    2 => NULL,
  ),
)
[ info ] [ HEADER ] array (
  'cookie' => 'bdshare_firstime=1509611409659; Hm_lvt_bb6f443b7002b8526f41857005f1ac2d=1509611410,1509698996; a3950_times=2; __guid=96992031.1548716200639575600.1511936515025.5093; monitor_count=179',
  'accept-language' => 'zh-CN,zh;q=0.8',
  'accept-encoding' => 'gzip, deflate, sdch, br',
  'referer' => 'http://127.0.0.1:8080/tp5/public/index.php/manage',
  'accept' => 'text/html,application/xhtml+xml,application/xml;q=0.9,image/webp,*/*;q=0.8',
  'user-agent' => 'Mozilla/5.0 (Windows NT 6.1; WOW64) AppleWebKit/537.36 (KHTML, like Gecko) Chrome/55.0.2883.87 Safari/537.36',
  'upgrade-insecure-requests' => '1',
  'connection' => 'close',
  'host' => '127.0.0.1:8080',
)
[ info ] [ PARAM ] array (
)
[ info ] [ RUN ] app\manage\controller\Index->index[ E:\www\www\tp5\application\manage\controller\Index.php ]
[ info ] [ VIEW ] E:\www\www\tp5\public/../application/manage\view\index\index.html [ array (
) ]
[ info ] [ LOG ] INIT File
---------------------------------------------------------------
[ 2018-01-31T09:51:09+08:00 ] 127.0.0.1 GET /tp5/public/index.php/manage
[ info ] 127.0.0.1:8080/tp5/public/index.php/manage [运行时间：0.053003s][吞吐率：18.87req/s] [内存消耗：1,246.26kb] [文件加载：45]
[ info ] [ LANG ] E:\www\www\tp5\thinkphp\lang\zh-cn.php
[ info ] [ ROUTE ] array (
  'type' => 'module',
  'module' => 
  array (
    0 => 'manage',
    1 => NULL,
    2 => NULL,
  ),
)
[ info ] [ HEADER ] array (
  'cookie' => 'bdshare_firstime=1509611409659; Hm_lvt_bb6f443b7002b8526f41857005f1ac2d=1509611410,1509698996; a3950_times=2; __guid=96992031.1548716200639575600.1511936515025.5093; monitor_count=180',
  'accept-language' => 'zh-CN,zh;q=0.8',
  'accept-encoding' => 'gzip, deflate, sdch, br',
  'referer' => 'http://127.0.0.1:8080/tp5/public/index.php/manage',
  'accept' => 'text/html,application/xhtml+xml,application/xml;q=0.9,image/webp,*/*;q=0.8',
  'user-agent' => 'Mozilla/5.0 (Windows NT 6.1; WOW64) AppleWebKit/537.36 (KHTML, like Gecko) Chrome/55.0.2883.87 Safari/537.36',
  'upgrade-insecure-requests' => '1',
  'connection' => 'close',
  'host' => '127.0.0.1:8080',
)
[ info ] [ PARAM ] array (
)
[ info ] [ RUN ] app\manage\controller\Index->index[ E:\www\www\tp5\application\manage\controller\Index.php ]
[ info ] [ VIEW ] E:\www\www\tp5\public/../application/manage\view\index\index.html [ array (
) ]
[ info ] [ LOG ] INIT File
---------------------------------------------------------------
[ 2018-01-31T09:51:10+08:00 ] 127.0.0.1 GET /tp5/public/index.php/manage
[ info ] 127.0.0.1:8080/tp5/public/index.php/manage [运行时间：0.060004s][吞吐率：16.67req/s] [内存消耗：1,246.26kb] [文件加载：45]
[ info ] [ LANG ] E:\www\www\tp5\thinkphp\lang\zh-cn.php
[ info ] [ ROUTE ] array (
  'type' => 'module',
  'module' => 
  array (
    0 => 'manage',
    1 => NULL,
    2 => NULL,
  ),
)
[ info ] [ HEADER ] array (
  'cookie' => 'bdshare_firstime=1509611409659; Hm_lvt_bb6f443b7002b8526f41857005f1ac2d=1509611410,1509698996; a3950_times=2; __guid=96992031.1548716200639575600.1511936515025.5093; monitor_count=181',
  'accept-language' => 'zh-CN,zh;q=0.8',
  'accept-encoding' => 'gzip, deflate, sdch, br',
  'referer' => 'http://127.0.0.1:8080/tp5/public/index.php/manage',
  'accept' => 'text/html,application/xhtml+xml,application/xml;q=0.9,image/webp,*/*;q=0.8',
  'user-agent' => 'Mozilla/5.0 (Windows NT 6.1; WOW64) AppleWebKit/537.36 (KHTML, like Gecko) Chrome/55.0.2883.87 Safari/537.36',
  'upgrade-insecure-requests' => '1',
  'connection' => 'close',
  'host' => '127.0.0.1:8080',
)
[ info ] [ PARAM ] array (
)
[ info ] [ RUN ] app\manage\controller\Index->index[ E:\www\www\tp5\application\manage\controller\Index.php ]
[ info ] [ VIEW ] E:\www\www\tp5\public/../application/manage\view\index\index.html [ array (
) ]
[ info ] [ LOG ] INIT File
---------------------------------------------------------------
[ 2018-01-31T09:51:11+08:00 ] 127.0.0.1 GET /tp5/public/index.php/manage
[ info ] 127.0.0.1:8080/tp5/public/index.php/manage [运行时间：0.052003s][吞吐率：19.23req/s] [内存消耗：1,246.26kb] [文件加载：45]
[ info ] [ LANG ] E:\www\www\tp5\thinkphp\lang\zh-cn.php
[ info ] [ ROUTE ] array (
  'type' => 'module',
  'module' => 
  array (
    0 => 'manage',
    1 => NULL,
    2 => NULL,
  ),
)
[ info ] [ HEADER ] array (
  'cookie' => 'bdshare_firstime=1509611409659; Hm_lvt_bb6f443b7002b8526f41857005f1ac2d=1509611410,1509698996; a3950_times=2; __guid=96992031.1548716200639575600.1511936515025.5093; monitor_count=182',
  'accept-language' => 'zh-CN,zh;q=0.8',
  'accept-encoding' => 'gzip, deflate, sdch, br',
  'referer' => 'http://127.0.0.1:8080/tp5/public/index.php/manage',
  'accept' => 'text/html,application/xhtml+xml,application/xml;q=0.9,image/webp,*/*;q=0.8',
  'user-agent' => 'Mozilla/5.0 (Windows NT 6.1; WOW64) AppleWebKit/537.36 (KHTML, like Gecko) Chrome/55.0.2883.87 Safari/537.36',
  'upgrade-insecure-requests' => '1',
  'connection' => 'close',
  'host' => '127.0.0.1:8080',
)
[ info ] [ PARAM ] array (
)
[ info ] [ RUN ] app\manage\controller\Index->index[ E:\www\www\tp5\application\manage\controller\Index.php ]
[ info ] [ VIEW ] E:\www\www\tp5\public/../application/manage\view\index\index.html [ array (
) ]
[ info ] [ LOG ] INIT File
---------------------------------------------------------------
[ 2018-01-31T09:51:11+08:00 ] 127.0.0.1 GET /tp5/public/index.php/manage
[ info ] 127.0.0.1:8080/tp5/public/index.php/manage [运行时间：0.048002s][吞吐率：20.83req/s] [内存消耗：1,246.26kb] [文件加载：45]
[ info ] [ LANG ] E:\www\www\tp5\thinkphp\lang\zh-cn.php
[ info ] [ ROUTE ] array (
  'type' => 'module',
  'module' => 
  array (
    0 => 'manage',
    1 => NULL,
    2 => NULL,
  ),
)
[ info ] [ HEADER ] array (
  'cookie' => 'bdshare_firstime=1509611409659; Hm_lvt_bb6f443b7002b8526f41857005f1ac2d=1509611410,1509698996; a3950_times=2; __guid=96992031.1548716200639575600.1511936515025.5093; monitor_count=183',
  'accept-language' => 'zh-CN,zh;q=0.8',
  'accept-encoding' => 'gzip, deflate, sdch, br',
  'referer' => 'http://127.0.0.1:8080/tp5/public/index.php/manage',
  'accept' => 'text/html,application/xhtml+xml,application/xml;q=0.9,image/webp,*/*;q=0.8',
  'user-agent' => 'Mozilla/5.0 (Windows NT 6.1; WOW64) AppleWebKit/537.36 (KHTML, like Gecko) Chrome/55.0.2883.87 Safari/537.36',
  'upgrade-insecure-requests' => '1',
  'connection' => 'close',
  'host' => '127.0.0.1:8080',
)
[ info ] [ PARAM ] array (
)
[ info ] [ RUN ] app\manage\controller\Index->index[ E:\www\www\tp5\application\manage\controller\Index.php ]
[ info ] [ VIEW ] E:\www\www\tp5\public/../application/manage\view\index\index.html [ array (
) ]
[ info ] [ LOG ] INIT File
---------------------------------------------------------------
[ 2018-01-31T09:55:29+08:00 ] 127.0.0.1 GET /tp5/public/index.php/manage
[ info ] 127.0.0.1:8080/tp5/public/index.php/manage [运行时间：0.059004s][吞吐率：16.95req/s] [内存消耗：1,246.26kb] [文件加载：45]
[ info ] [ LANG ] E:\www\www\tp5\thinkphp\lang\zh-cn.php
[ info ] [ ROUTE ] array (
  'type' => 'module',
  'module' => 
  array (
    0 => 'manage',
    1 => NULL,
    2 => NULL,
  ),
)
[ info ] [ HEADER ] array (
  'cookie' => 'bdshare_firstime=1509611409659; Hm_lvt_bb6f443b7002b8526f41857005f1ac2d=1509611410,1509698996; a3950_times=2; __guid=96992031.1548716200639575600.1511936515025.5093; monitor_count=184',
  'accept-language' => 'zh-CN,zh;q=0.8',
  'accept-encoding' => 'gzip, deflate, sdch, br',
  'referer' => 'http://127.0.0.1:8080/tp5/public/index.php/manage',
  'accept' => 'text/html,application/xhtml+xml,application/xml;q=0.9,image/webp,*/*;q=0.8',
  'user-agent' => 'Mozilla/5.0 (Windows NT 6.1; WOW64) AppleWebKit/537.36 (KHTML, like Gecko) Chrome/55.0.2883.87 Safari/537.36',
  'upgrade-insecure-requests' => '1',
  'connection' => 'close',
  'host' => '127.0.0.1:8080',
)
[ info ] [ PARAM ] array (
)
[ info ] [ RUN ] app\manage\controller\Index->index[ E:\www\www\tp5\application\manage\controller\Index.php ]
[ info ] [ VIEW ] E:\www\www\tp5\public/../application/manage\view\index\index.html [ array (
) ]
[ info ] [ LOG ] INIT File
---------------------------------------------------------------
[ 2018-01-31T09:55:30+08:00 ] 127.0.0.1 GET /tp5/public/index.php/manage
[ info ] 127.0.0.1:8080/tp5/public/index.php/manage [运行时间：0.054003s][吞吐率：18.52req/s] [内存消耗：1,246.26kb] [文件加载：45]
[ info ] [ LANG ] E:\www\www\tp5\thinkphp\lang\zh-cn.php
[ info ] [ ROUTE ] array (
  'type' => 'module',
  'module' => 
  array (
    0 => 'manage',
    1 => NULL,
    2 => NULL,
  ),
)
[ info ] [ HEADER ] array (
  'cookie' => 'bdshare_firstime=1509611409659; Hm_lvt_bb6f443b7002b8526f41857005f1ac2d=1509611410,1509698996; a3950_times=2; __guid=96992031.1548716200639575600.1511936515025.5093; monitor_count=185',
  'accept-language' => 'zh-CN,zh;q=0.8',
  'accept-encoding' => 'gzip, deflate, sdch, br',
  'referer' => 'http://127.0.0.1:8080/tp5/public/index.php/manage',
  'accept' => 'text/html,application/xhtml+xml,application/xml;q=0.9,image/webp,*/*;q=0.8',
  'user-agent' => 'Mozilla/5.0 (Windows NT 6.1; WOW64) AppleWebKit/537.36 (KHTML, like Gecko) Chrome/55.0.2883.87 Safari/537.36',
  'upgrade-insecure-requests' => '1',
  'connection' => 'close',
  'host' => '127.0.0.1:8080',
)
[ info ] [ PARAM ] array (
)
[ info ] [ RUN ] app\manage\controller\Index->index[ E:\www\www\tp5\application\manage\controller\Index.php ]
[ info ] [ VIEW ] E:\www\www\tp5\public/../application/manage\view\index\index.html [ array (
) ]
[ info ] [ LOG ] INIT File
---------------------------------------------------------------
[ 2018-01-31T09:55:30+08:00 ] 127.0.0.1 GET /tp5/public/index.php/manage
[ info ] 127.0.0.1:8080/tp5/public/index.php/manage [运行时间：0.053003s][吞吐率：18.87req/s] [内存消耗：1,246.26kb] [文件加载：45]
[ info ] [ LANG ] E:\www\www\tp5\thinkphp\lang\zh-cn.php
[ info ] [ ROUTE ] array (
  'type' => 'module',
  'module' => 
  array (
    0 => 'manage',
    1 => NULL,
    2 => NULL,
  ),
)
[ info ] [ HEADER ] array (
  'cookie' => 'bdshare_firstime=1509611409659; Hm_lvt_bb6f443b7002b8526f41857005f1ac2d=1509611410,1509698996; a3950_times=2; __guid=96992031.1548716200639575600.1511936515025.5093; monitor_count=186',
  'accept-language' => 'zh-CN,zh;q=0.8',
  'accept-encoding' => 'gzip, deflate, sdch, br',
  'referer' => 'http://127.0.0.1:8080/tp5/public/index.php/manage',
  'accept' => 'text/html,application/xhtml+xml,application/xml;q=0.9,image/webp,*/*;q=0.8',
  'user-agent' => 'Mozilla/5.0 (Windows NT 6.1; WOW64) AppleWebKit/537.36 (KHTML, like Gecko) Chrome/55.0.2883.87 Safari/537.36',
  'upgrade-insecure-requests' => '1',
  'connection' => 'close',
  'host' => '127.0.0.1:8080',
)
[ info ] [ PARAM ] array (
)
[ info ] [ RUN ] app\manage\controller\Index->index[ E:\www\www\tp5\application\manage\controller\Index.php ]
[ info ] [ VIEW ] E:\www\www\tp5\public/../application/manage\view\index\index.html [ array (
) ]
[ info ] [ LOG ] INIT File
---------------------------------------------------------------
[ 2018-01-31T09:57:59+08:00 ] 127.0.0.1 GET /tp5/public/index.php/manage
[ info ] 127.0.0.1:8080/tp5/public/index.php/manage [运行时间：0.049003s][吞吐率：20.41req/s] [内存消耗：1,246.25kb] [文件加载：45]
[ info ] [ LANG ] E:\www\www\tp5\thinkphp\lang\zh-cn.php
[ info ] [ ROUTE ] array (
  'type' => 'module',
  'module' => 
  array (
    0 => 'manage',
    1 => NULL,
    2 => NULL,
  ),
)
[ info ] [ HEADER ] array (
  'cookie' => 'bdshare_firstime=1509611409659; Hm_lvt_bb6f443b7002b8526f41857005f1ac2d=1509611410,1509698996; a3950_times=2; __guid=96992031.1548716200639575600.1511936515025.5093; monitor_count=187',
  'accept-language' => 'zh-CN,zh;q=0.8',
  'accept-encoding' => 'gzip, deflate, sdch, br',
  'referer' => 'http://127.0.0.1:8080/tp5/public/index.php/manage',
  'accept' => 'text/html,application/xhtml+xml,application/xml;q=0.9,image/webp,*/*;q=0.8',
  'user-agent' => 'Mozilla/5.0 (Windows NT 6.1; WOW64) AppleWebKit/537.36 (KHTML, like Gecko) Chrome/55.0.2883.87 Safari/537.36',
  'upgrade-insecure-requests' => '1',
  'connection' => 'close',
  'host' => '127.0.0.1:8080',
)
[ info ] [ PARAM ] array (
)
[ info ] [ RUN ] app\manage\controller\Index->index[ E:\www\www\tp5\application\manage\controller\Index.php ]
[ info ] [ VIEW ] E:\www\www\tp5\public/../application/manage\view\index\index.html [ array (
) ]
[ info ] [ LOG ] INIT File
---------------------------------------------------------------
[ 2018-01-31T09:58:02+08:00 ] 127.0.0.1 GET /tp5/public/index.php/manage
[ info ] 127.0.0.1:8080/tp5/public/index.php/manage [运行时间：0.062004s][吞吐率：16.13req/s] [内存消耗：1,246.26kb] [文件加载：45]
[ info ] [ LANG ] E:\www\www\tp5\thinkphp\lang\zh-cn.php
[ info ] [ ROUTE ] array (
  'type' => 'module',
  'module' => 
  array (
    0 => 'manage',
    1 => NULL,
    2 => NULL,
  ),
)
[ info ] [ HEADER ] array (
  'cookie' => 'bdshare_firstime=1509611409659; Hm_lvt_bb6f443b7002b8526f41857005f1ac2d=1509611410,1509698996; a3950_times=2; __guid=96992031.1548716200639575600.1511936515025.5093; monitor_count=188',
  'accept-language' => 'zh-CN,zh;q=0.8',
  'accept-encoding' => 'gzip, deflate, sdch, br',
  'referer' => 'http://127.0.0.1:8080/tp5/public/index.php/manage',
  'accept' => 'text/html,application/xhtml+xml,application/xml;q=0.9,image/webp,*/*;q=0.8',
  'user-agent' => 'Mozilla/5.0 (Windows NT 6.1; WOW64) AppleWebKit/537.36 (KHTML, like Gecko) Chrome/55.0.2883.87 Safari/537.36',
  'upgrade-insecure-requests' => '1',
  'connection' => 'close',
  'host' => '127.0.0.1:8080',
)
[ info ] [ PARAM ] array (
)
[ info ] [ RUN ] app\manage\controller\Index->index[ E:\www\www\tp5\application\manage\controller\Index.php ]
[ info ] [ VIEW ] E:\www\www\tp5\public/../application/manage\view\index\index.html [ array (
) ]
[ info ] [ LOG ] INIT File
---------------------------------------------------------------
[ 2018-01-31T09:58:05+08:00 ] 127.0.0.1 GET /tp5/public/index.php/manage
[ info ] 127.0.0.1:8080/tp5/public/index.php/manage [运行时间：0.058003s][吞吐率：17.24req/s] [内存消耗：1,246.26kb] [文件加载：45]
[ info ] [ LANG ] E:\www\www\tp5\thinkphp\lang\zh-cn.php
[ info ] [ ROUTE ] array (
  'type' => 'module',
  'module' => 
  array (
    0 => 'manage',
    1 => NULL,
    2 => NULL,
  ),
)
[ info ] [ HEADER ] array (
  'cookie' => 'bdshare_firstime=1509611409659; Hm_lvt_bb6f443b7002b8526f41857005f1ac2d=1509611410,1509698996; a3950_times=2; __guid=96992031.1548716200639575600.1511936515025.5093; monitor_count=189',
  'accept-language' => 'zh-CN,zh;q=0.8',
  'accept-encoding' => 'gzip, deflate, sdch, br',
  'referer' => 'http://127.0.0.1:8080/tp5/public/index.php/manage',
  'accept' => 'text/html,application/xhtml+xml,application/xml;q=0.9,image/webp,*/*;q=0.8',
  'user-agent' => 'Mozilla/5.0 (Windows NT 6.1; WOW64) AppleWebKit/537.36 (KHTML, like Gecko) Chrome/55.0.2883.87 Safari/537.36',
  'upgrade-insecure-requests' => '1',
  'connection' => 'close',
  'host' => '127.0.0.1:8080',
)
[ info ] [ PARAM ] array (
)
[ info ] [ RUN ] app\manage\controller\Index->index[ E:\www\www\tp5\application\manage\controller\Index.php ]
[ info ] [ VIEW ] E:\www\www\tp5\public/../application/manage\view\index\index.html [ array (
) ]
[ info ] [ LOG ] INIT File
---------------------------------------------------------------
[ 2018-01-31T09:58:07+08:00 ] 127.0.0.1 GET /tp5/public/index.php/manage
[ info ] 127.0.0.1:8080/tp5/public/index.php/manage [运行时间：0.051003s][吞吐率：19.61req/s] [内存消耗：1,246.26kb] [文件加载：45]
[ info ] [ LANG ] E:\www\www\tp5\thinkphp\lang\zh-cn.php
[ info ] [ ROUTE ] array (
  'type' => 'module',
  'module' => 
  array (
    0 => 'manage',
    1 => NULL,
    2 => NULL,
  ),
)
[ info ] [ HEADER ] array (
  'cookie' => 'bdshare_firstime=1509611409659; Hm_lvt_bb6f443b7002b8526f41857005f1ac2d=1509611410,1509698996; a3950_times=2; __guid=96992031.1548716200639575600.1511936515025.5093; monitor_count=190',
  'accept-language' => 'zh-CN,zh;q=0.8',
  'accept-encoding' => 'gzip, deflate, sdch, br',
  'referer' => 'http://127.0.0.1:8080/tp5/public/index.php/manage',
  'accept' => 'text/html,application/xhtml+xml,application/xml;q=0.9,image/webp,*/*;q=0.8',
  'user-agent' => 'Mozilla/5.0 (Windows NT 6.1; WOW64) AppleWebKit/537.36 (KHTML, like Gecko) Chrome/55.0.2883.87 Safari/537.36',
  'upgrade-insecure-requests' => '1',
  'connection' => 'close',
  'host' => '127.0.0.1:8080',
)
[ info ] [ PARAM ] array (
)
[ info ] [ RUN ] app\manage\controller\Index->index[ E:\www\www\tp5\application\manage\controller\Index.php ]
[ info ] [ VIEW ] E:\www\www\tp5\public/../application/manage\view\index\index.html [ array (
) ]
[ info ] [ LOG ] INIT File
---------------------------------------------------------------
[ 2018-01-31T09:58:08+08:00 ] 127.0.0.1 GET /tp5/public/index.php/manage
[ info ] 127.0.0.1:8080/tp5/public/index.php/manage [运行时间：0.046003s][吞吐率：21.74req/s] [内存消耗：1,246.26kb] [文件加载：45]
[ info ] [ LANG ] E:\www\www\tp5\thinkphp\lang\zh-cn.php
[ info ] [ ROUTE ] array (
  'type' => 'module',
  'module' => 
  array (
    0 => 'manage',
    1 => NULL,
    2 => NULL,
  ),
)
[ info ] [ HEADER ] array (
  'cookie' => 'bdshare_firstime=1509611409659; Hm_lvt_bb6f443b7002b8526f41857005f1ac2d=1509611410,1509698996; a3950_times=2; __guid=96992031.1548716200639575600.1511936515025.5093; monitor_count=191',
  'accept-language' => 'zh-CN,zh;q=0.8',
  'accept-encoding' => 'gzip, deflate, sdch, br',
  'referer' => 'http://127.0.0.1:8080/tp5/public/index.php/manage',
  'accept' => 'text/html,application/xhtml+xml,application/xml;q=0.9,image/webp,*/*;q=0.8',
  'user-agent' => 'Mozilla/5.0 (Windows NT 6.1; WOW64) AppleWebKit/537.36 (KHTML, like Gecko) Chrome/55.0.2883.87 Safari/537.36',
  'upgrade-insecure-requests' => '1',
  'connection' => 'close',
  'host' => '127.0.0.1:8080',
)
[ info ] [ PARAM ] array (
)
[ info ] [ RUN ] app\manage\controller\Index->index[ E:\www\www\tp5\application\manage\controller\Index.php ]
[ info ] [ VIEW ] E:\www\www\tp5\public/../application/manage\view\index\index.html [ array (
) ]
[ info ] [ LOG ] INIT File
---------------------------------------------------------------
[ 2018-01-31T09:58:09+08:00 ] 127.0.0.1 GET /tp5/public/index.php/manage
[ info ] 127.0.0.1:8080/tp5/public/index.php/manage [运行时间：0.058003s][吞吐率：17.24req/s] [内存消耗：1,246.26kb] [文件加载：45]
[ info ] [ LANG ] E:\www\www\tp5\thinkphp\lang\zh-cn.php
[ info ] [ ROUTE ] array (
  'type' => 'module',
  'module' => 
  array (
    0 => 'manage',
    1 => NULL,
    2 => NULL,
  ),
)
[ info ] [ HEADER ] array (
  'cookie' => 'bdshare_firstime=1509611409659; Hm_lvt_bb6f443b7002b8526f41857005f1ac2d=1509611410,1509698996; a3950_times=2; __guid=96992031.1548716200639575600.1511936515025.5093; monitor_count=192',
  'accept-language' => 'zh-CN,zh;q=0.8',
  'accept-encoding' => 'gzip, deflate, sdch, br',
  'referer' => 'http://127.0.0.1:8080/tp5/public/index.php/manage',
  'accept' => 'text/html,application/xhtml+xml,application/xml;q=0.9,image/webp,*/*;q=0.8',
  'user-agent' => 'Mozilla/5.0 (Windows NT 6.1; WOW64) AppleWebKit/537.36 (KHTML, like Gecko) Chrome/55.0.2883.87 Safari/537.36',
  'upgrade-insecure-requests' => '1',
  'connection' => 'close',
  'host' => '127.0.0.1:8080',
)
[ info ] [ PARAM ] array (
)
[ info ] [ RUN ] app\manage\controller\Index->index[ E:\www\www\tp5\application\manage\controller\Index.php ]
[ info ] [ VIEW ] E:\www\www\tp5\public/../application/manage\view\index\index.html [ array (
) ]
[ info ] [ LOG ] INIT File
---------------------------------------------------------------
[ 2018-01-31T09:58:10+08:00 ] 127.0.0.1 GET /tp5/public/index.php/manage
[ info ] 127.0.0.1:8080/tp5/public/index.php/manage [运行时间：0.058004s][吞吐率：17.24req/s] [内存消耗：1,246.26kb] [文件加载：45]
[ info ] [ LANG ] E:\www\www\tp5\thinkphp\lang\zh-cn.php
[ info ] [ ROUTE ] array (
  'type' => 'module',
  'module' => 
  array (
    0 => 'manage',
    1 => NULL,
    2 => NULL,
  ),
)
[ info ] [ HEADER ] array (
  'cookie' => 'bdshare_firstime=1509611409659; Hm_lvt_bb6f443b7002b8526f41857005f1ac2d=1509611410,1509698996; a3950_times=2; __guid=96992031.1548716200639575600.1511936515025.5093; monitor_count=193',
  'accept-language' => 'zh-CN,zh;q=0.8',
  'accept-encoding' => 'gzip, deflate, sdch, br',
  'referer' => 'http://127.0.0.1:8080/tp5/public/index.php/manage',
  'accept' => 'text/html,application/xhtml+xml,application/xml;q=0.9,image/webp,*/*;q=0.8',
  'user-agent' => 'Mozilla/5.0 (Windows NT 6.1; WOW64) AppleWebKit/537.36 (KHTML, like Gecko) Chrome/55.0.2883.87 Safari/537.36',
  'upgrade-insecure-requests' => '1',
  'connection' => 'close',
  'host' => '127.0.0.1:8080',
)
[ info ] [ PARAM ] array (
)
[ info ] [ RUN ] app\manage\controller\Index->index[ E:\www\www\tp5\application\manage\controller\Index.php ]
[ info ] [ VIEW ] E:\www\www\tp5\public/../application/manage\view\index\index.html [ array (
) ]
[ info ] [ LOG ] INIT File
---------------------------------------------------------------
[ 2018-01-31T09:58:13+08:00 ] 127.0.0.1 GET /tp5/public/index.php/manage
[ info ] 127.0.0.1:8080/tp5/public/index.php/manage [运行时间：0.051003s][吞吐率：19.61req/s] [内存消耗：1,246.26kb] [文件加载：45]
[ info ] [ LANG ] E:\www\www\tp5\thinkphp\lang\zh-cn.php
[ info ] [ ROUTE ] array (
  'type' => 'module',
  'module' => 
  array (
    0 => 'manage',
    1 => NULL,
    2 => NULL,
  ),
)
[ info ] [ HEADER ] array (
  'cookie' => 'bdshare_firstime=1509611409659; Hm_lvt_bb6f443b7002b8526f41857005f1ac2d=1509611410,1509698996; a3950_times=2; __guid=96992031.1548716200639575600.1511936515025.5093; monitor_count=194',
  'accept-language' => 'zh-CN,zh;q=0.8',
  'accept-encoding' => 'gzip, deflate, sdch, br',
  'referer' => 'http://127.0.0.1:8080/tp5/public/index.php/manage',
  'accept' => 'text/html,application/xhtml+xml,application/xml;q=0.9,image/webp,*/*;q=0.8',
  'user-agent' => 'Mozilla/5.0 (Windows NT 6.1; WOW64) AppleWebKit/537.36 (KHTML, like Gecko) Chrome/55.0.2883.87 Safari/537.36',
  'upgrade-insecure-requests' => '1',
  'connection' => 'close',
  'host' => '127.0.0.1:8080',
)
[ info ] [ PARAM ] array (
)
[ info ] [ RUN ] app\manage\controller\Index->index[ E:\www\www\tp5\application\manage\controller\Index.php ]
[ info ] [ VIEW ] E:\www\www\tp5\public/../application/manage\view\index\index.html [ array (
) ]
[ info ] [ LOG ] INIT File
---------------------------------------------------------------
[ 2018-01-31T09:58:16+08:00 ] 127.0.0.1 GET /tp5/public/index.php/manage
[ info ] 127.0.0.1:8080/tp5/public/index.php/manage [运行时间：0.056003s][吞吐率：17.86req/s] [内存消耗：1,246.26kb] [文件加载：45]
[ info ] [ LANG ] E:\www\www\tp5\thinkphp\lang\zh-cn.php
[ info ] [ ROUTE ] array (
  'type' => 'module',
  'module' => 
  array (
    0 => 'manage',
    1 => NULL,
    2 => NULL,
  ),
)
[ info ] [ HEADER ] array (
  'cookie' => 'bdshare_firstime=1509611409659; Hm_lvt_bb6f443b7002b8526f41857005f1ac2d=1509611410,1509698996; a3950_times=2; __guid=96992031.1548716200639575600.1511936515025.5093; monitor_count=195',
  'accept-language' => 'zh-CN,zh;q=0.8',
  'accept-encoding' => 'gzip, deflate, sdch, br',
  'referer' => 'http://127.0.0.1:8080/tp5/public/index.php/manage',
  'accept' => 'text/html,application/xhtml+xml,application/xml;q=0.9,image/webp,*/*;q=0.8',
  'user-agent' => 'Mozilla/5.0 (Windows NT 6.1; WOW64) AppleWebKit/537.36 (KHTML, like Gecko) Chrome/55.0.2883.87 Safari/537.36',
  'upgrade-insecure-requests' => '1',
  'connection' => 'close',
  'host' => '127.0.0.1:8080',
)
[ info ] [ PARAM ] array (
)
[ info ] [ RUN ] app\manage\controller\Index->index[ E:\www\www\tp5\application\manage\controller\Index.php ]
[ info ] [ VIEW ] E:\www\www\tp5\public/../application/manage\view\index\index.html [ array (
) ]
[ info ] [ LOG ] INIT File
---------------------------------------------------------------
[ 2018-01-31T09:58:20+08:00 ] 127.0.0.1 GET /tp5/public/index.php/manage
[ info ] 127.0.0.1:8080/tp5/public/index.php/manage [运行时间：0.044003s][吞吐率：22.73req/s] [内存消耗：1,246.26kb] [文件加载：45]
[ info ] [ LANG ] E:\www\www\tp5\thinkphp\lang\zh-cn.php
[ info ] [ ROUTE ] array (
  'type' => 'module',
  'module' => 
  array (
    0 => 'manage',
    1 => NULL,
    2 => NULL,
  ),
)
[ info ] [ HEADER ] array (
  'cookie' => 'bdshare_firstime=1509611409659; Hm_lvt_bb6f443b7002b8526f41857005f1ac2d=1509611410,1509698996; a3950_times=2; __guid=96992031.1548716200639575600.1511936515025.5093; monitor_count=196',
  'accept-language' => 'zh-CN,zh;q=0.8',
  'accept-encoding' => 'gzip, deflate, sdch, br',
  'referer' => 'http://127.0.0.1:8080/tp5/public/index.php/manage',
  'accept' => 'text/html,application/xhtml+xml,application/xml;q=0.9,image/webp,*/*;q=0.8',
  'user-agent' => 'Mozilla/5.0 (Windows NT 6.1; WOW64) AppleWebKit/537.36 (KHTML, like Gecko) Chrome/55.0.2883.87 Safari/537.36',
  'upgrade-insecure-requests' => '1',
  'connection' => 'close',
  'host' => '127.0.0.1:8080',
)
[ info ] [ PARAM ] array (
)
[ info ] [ RUN ] app\manage\controller\Index->index[ E:\www\www\tp5\application\manage\controller\Index.php ]
[ info ] [ VIEW ] E:\www\www\tp5\public/../application/manage\view\index\index.html [ array (
) ]
[ info ] [ LOG ] INIT File
---------------------------------------------------------------
[ 2018-01-31T09:58:21+08:00 ] 127.0.0.1 GET /tp5/public/index.php/manage
[ info ] 127.0.0.1:8080/tp5/public/index.php/manage [运行时间：0.051003s][吞吐率：19.61req/s] [内存消耗：1,246.26kb] [文件加载：45]
[ info ] [ LANG ] E:\www\www\tp5\thinkphp\lang\zh-cn.php
[ info ] [ ROUTE ] array (
  'type' => 'module',
  'module' => 
  array (
    0 => 'manage',
    1 => NULL,
    2 => NULL,
  ),
)
[ info ] [ HEADER ] array (
  'cookie' => 'bdshare_firstime=1509611409659; Hm_lvt_bb6f443b7002b8526f41857005f1ac2d=1509611410,1509698996; a3950_times=2; __guid=96992031.1548716200639575600.1511936515025.5093; monitor_count=197',
  'accept-language' => 'zh-CN,zh;q=0.8',
  'accept-encoding' => 'gzip, deflate, sdch, br',
  'referer' => 'http://127.0.0.1:8080/tp5/public/index.php/manage',
  'accept' => 'text/html,application/xhtml+xml,application/xml;q=0.9,image/webp,*/*;q=0.8',
  'user-agent' => 'Mozilla/5.0 (Windows NT 6.1; WOW64) AppleWebKit/537.36 (KHTML, like Gecko) Chrome/55.0.2883.87 Safari/537.36',
  'upgrade-insecure-requests' => '1',
  'connection' => 'close',
  'host' => '127.0.0.1:8080',
)
[ info ] [ PARAM ] array (
)
[ info ] [ RUN ] app\manage\controller\Index->index[ E:\www\www\tp5\application\manage\controller\Index.php ]
[ info ] [ VIEW ] E:\www\www\tp5\public/../application/manage\view\index\index.html [ array (
) ]
[ info ] [ LOG ] INIT File
---------------------------------------------------------------
[ 2018-01-31T09:58:22+08:00 ] 127.0.0.1 GET /tp5/public/index.php/manage
[ info ] 127.0.0.1:8080/tp5/public/index.php/manage [运行时间：0.062003s][吞吐率：16.13req/s] [内存消耗：1,246.26kb] [文件加载：45]
[ info ] [ LANG ] E:\www\www\tp5\thinkphp\lang\zh-cn.php
[ info ] [ ROUTE ] array (
  'type' => 'module',
  'module' => 
  array (
    0 => 'manage',
    1 => NULL,
    2 => NULL,
  ),
)
[ info ] [ HEADER ] array (
  'cookie' => 'bdshare_firstime=1509611409659; Hm_lvt_bb6f443b7002b8526f41857005f1ac2d=1509611410,1509698996; a3950_times=2; __guid=96992031.1548716200639575600.1511936515025.5093; monitor_count=198',
  'accept-language' => 'zh-CN,zh;q=0.8',
  'accept-encoding' => 'gzip, deflate, sdch, br',
  'referer' => 'http://127.0.0.1:8080/tp5/public/index.php/manage',
  'accept' => 'text/html,application/xhtml+xml,application/xml;q=0.9,image/webp,*/*;q=0.8',
  'user-agent' => 'Mozilla/5.0 (Windows NT 6.1; WOW64) AppleWebKit/537.36 (KHTML, like Gecko) Chrome/55.0.2883.87 Safari/537.36',
  'upgrade-insecure-requests' => '1',
  'connection' => 'close',
  'host' => '127.0.0.1:8080',
)
[ info ] [ PARAM ] array (
)
[ info ] [ RUN ] app\manage\controller\Index->index[ E:\www\www\tp5\application\manage\controller\Index.php ]
[ info ] [ VIEW ] E:\www\www\tp5\public/../application/manage\view\index\index.html [ array (
) ]
[ info ] [ LOG ] INIT File
